<?xml version="1.0" encoding="UTF-8"?>
<testsuite xmlns:xsi="http://www.w3.org/2001/XMLSchema-instance" xsi:noNamespaceSchemaLocation="https://maven.apache.org/surefire/maven-surefire-plugin/xsd/surefire-test-report.xsd" name="com.tiwari.studence.AppTest" time="0.056" tests="1" errors="0" skipped="0" failures="0">
  <properties>
    <property name="java.specification.version" value="17"/>
    <property name="sun.jnu.encoding" value="UTF-8"/>
    <property name="java.class.path" value="/home/tiwaritiwari/Studence/Studence-Server/studence-dynamodb-database/target/test-classes:/home/tiwaritiwari/Studence/Studence-Server/studence-dynamodb-database/target/classes:/root/.m2/repository/junit/junit/4.11/junit-4.11.jar:/root/.m2/repository/org/hamcrest/hamcrest-core/1.3/hamcrest-core-1.3.jar:/home/tiwaritiwari/Studence/Studence-Server/studence-util/target/studence-util-0.0.1-SNAPSHOT.jar:/root/.m2/repository/com/google/inject/guice/5.1.0/guice-5.1.0.jar:/root/.m2/repository/aopalliance/aopalliance/1.0/aopalliance-1.0.jar:/root/.m2/repository/com/google/inject/extensions/guice-servlet/5.1.0/guice-servlet-5.1.0.jar:/root/.m2/repository/com/amazonaws/aws-java-sdk/1.12.429/aws-java-sdk-1.12.429.jar:/root/.m2/repository/com/amazonaws/aws-java-sdk-internetmonitor/1.12.429/aws-java-sdk-internetmonitor-1.12.429.jar:/root/.m2/repository/com/amazonaws/jmespath-java/1.12.429/jmespath-java-1.12.429.jar:/root/.m2/repository/com/amazonaws/aws-java-sdk-tnb/1.12.429/aws-java-sdk-tnb-1.12.429.jar:/root/.m2/repository/com/amazonaws/aws-java-sdk-cloudtraildata/1.12.429/aws-java-sdk-cloudtraildata-1.12.429.jar:/root/.m2/repository/com/amazonaws/aws-java-sdk-cleanrooms/1.12.429/aws-java-sdk-cleanrooms-1.12.429.jar:/root/.m2/repository/com/amazonaws/aws-java-sdk-kendraranking/1.12.429/aws-java-sdk-kendraranking-1.12.429.jar:/root/.m2/repository/com/amazonaws/aws-java-sdk-licensemanagerlinuxsubscriptions/1.12.429/aws-java-sdk-licensemanagerlinuxsubscriptions-1.12.429.jar:/root/.m2/repository/com/amazonaws/aws-java-sdk-kinesisvideowebrtcstorage/1.12.429/aws-java-sdk-kinesisvideowebrtcstorage-1.12.429.jar:/root/.m2/repository/com/amazonaws/aws-java-sdk-sagemakermetrics/1.12.429/aws-java-sdk-sagemakermetrics-1.12.429.jar:/root/.m2/repository/com/amazonaws/aws-java-sdk-pipes/1.12.429/aws-java-sdk-pipes-1.12.429.jar:/root/.m2/repository/com/amazonaws/aws-java-sdk-sagemakergeospatial/1.12.429/aws-java-sdk-sagemakergeospatial-1.12.429.jar:/root/.m2/repository/com/amazonaws/aws-java-sdk-docdbelastic/1.12.429/aws-java-sdk-docdbelastic-1.12.429.jar:/root/.m2/repository/com/amazonaws/aws-java-sdk-omics/1.12.429/aws-java-sdk-omics-1.12.429.jar:/root/.m2/repository/com/amazonaws/aws-java-sdk-opensearchserverless/1.12.429/aws-java-sdk-opensearchserverless-1.12.429.jar:/root/.m2/repository/com/amazonaws/aws-java-sdk-securitylake/1.12.429/aws-java-sdk-securitylake-1.12.429.jar:/root/.m2/repository/com/amazonaws/aws-java-sdk-simspaceweaver/1.12.429/aws-java-sdk-simspaceweaver-1.12.429.jar:/root/.m2/repository/com/amazonaws/aws-java-sdk-arczonalshift/1.12.429/aws-java-sdk-arczonalshift-1.12.429.jar:/root/.m2/repository/com/amazonaws/aws-java-sdk-oam/1.12.429/aws-java-sdk-oam-1.12.429.jar:/root/.m2/repository/com/amazonaws/aws-java-sdk-iotroborunner/1.12.429/aws-java-sdk-iotroborunner-1.12.429.jar:/root/.m2/repository/com/amazonaws/aws-java-sdk-chimesdkvoice/1.12.429/aws-java-sdk-chimesdkvoice-1.12.429.jar:/root/.m2/repository/com/amazonaws/aws-java-sdk-ssmsap/1.12.429/aws-java-sdk-ssmsap-1.12.429.jar:/root/.m2/repository/com/amazonaws/aws-java-sdk-scheduler/1.12.429/aws-java-sdk-scheduler-1.12.429.jar:/root/.m2/repository/com/amazonaws/aws-java-sdk-resourceexplorer2/1.12.429/aws-java-sdk-resourceexplorer2-1.12.429.jar:/root/.m2/repository/com/amazonaws/aws-java-sdk-connectcases/1.12.429/aws-java-sdk-connectcases-1.12.429.jar:/root/.m2/repository/com/amazonaws/aws-java-sdk-migrationhuborchestrator/1.12.429/aws-java-sdk-migrationhuborchestrator-1.12.429.jar:/root/.m2/repository/com/amazonaws/aws-java-sdk-iotfleetwise/1.12.429/aws-java-sdk-iotfleetwise-1.12.429.jar:/root/.m2/repository/com/amazonaws/aws-java-sdk-controltower/1.12.429/aws-java-sdk-controltower-1.12.429.jar:/root/.m2/repository/com/amazonaws/aws-java-sdk-supportapp/1.12.429/aws-java-sdk-supportapp-1.12.429.jar:/root/.m2/repository/com/amazonaws/aws-java-sdk-private5g/1.12.429/aws-java-sdk-private5g-1.12.429.jar:/root/.m2/repository/com/amazonaws/aws-java-sdk-backupstorage/1.12.429/aws-java-sdk-backupstorage-1.12.429.jar:/root/.m2/repository/com/amazonaws/aws-java-sdk-licensemanagerusersubscriptions/1.12.429/aws-java-sdk-licensemanagerusersubscriptions-1.12.429.jar:/root/.m2/repository/com/amazonaws/aws-java-sdk-iamrolesanywhere/1.12.429/aws-java-sdk-iamrolesanywhere-1.12.429.jar:/root/.m2/repository/com/amazonaws/aws-java-sdk-redshiftserverless/1.12.429/aws-java-sdk-redshiftserverless-1.12.429.jar:/root/.m2/repository/com/amazonaws/aws-java-sdk-connectcampaign/1.12.429/aws-java-sdk-connectcampaign-1.12.429.jar:/root/.m2/repository/com/amazonaws/aws-java-sdk-mainframemodernization/1.12.429/aws-java-sdk-mainframemodernization-1.12.429.jar:/root/.m2/repository/com/amazonaws/aws-java-sdk-emrserverless/1.12.429/aws-java-sdk-emrserverless-1.12.429.jar:/root/.m2/repository/com/amazonaws/aws-java-sdk-chimesdkmediapipelines/1.12.429/aws-java-sdk-chimesdkmediapipelines-1.12.429.jar:/root/.m2/repository/com/amazonaws/aws-java-sdk-ivschat/1.12.429/aws-java-sdk-ivschat-1.12.429.jar:/root/.m2/repository/com/amazonaws/aws-java-sdk-pinpointsmsvoicev2/1.12.429/aws-java-sdk-pinpointsmsvoicev2-1.12.429.jar:/root/.m2/repository/com/amazonaws/aws-java-sdk-gamesparks/1.12.429/aws-java-sdk-gamesparks-1.12.429.jar:/root/.m2/repository/com/amazonaws/aws-java-sdk-billingconductor/1.12.429/aws-java-sdk-billingconductor-1.12.429.jar:/root/.m2/repository/com/amazonaws/aws-java-sdk-keyspaces/1.12.429/aws-java-sdk-keyspaces-1.12.429.jar:/root/.m2/repository/com/amazonaws/aws-java-sdk-amplifyuibuilder/1.12.429/aws-java-sdk-amplifyuibuilder-1.12.429.jar:/root/.m2/repository/com/amazonaws/aws-java-sdk-backupgateway/1.12.429/aws-java-sdk-backupgateway-1.12.429.jar:/root/.m2/repository/com/amazonaws/aws-java-sdk-workspacesweb/1.12.429/aws-java-sdk-workspacesweb-1.12.429.jar:/root/.m2/repository/com/amazonaws/aws-java-sdk-iottwinmaker/1.12.429/aws-java-sdk-iottwinmaker-1.12.429.jar:/root/.m2/repository/com/amazonaws/aws-java-sdk-recyclebin/1.12.429/aws-java-sdk-recyclebin-1.12.429.jar:/root/.m2/repository/com/amazonaws/aws-java-sdk-cloudwatchrum/1.12.429/aws-java-sdk-cloudwatchrum-1.12.429.jar:/root/.m2/repository/com/amazonaws/aws-java-sdk-cloudwatchevidently/1.12.429/aws-java-sdk-cloudwatchevidently-1.12.429.jar:/root/.m2/repository/com/amazonaws/aws-java-sdk-inspector2/1.12.429/aws-java-sdk-inspector2-1.12.429.jar:/root/.m2/repository/com/amazonaws/aws-java-sdk-migrationhubrefactorspaces/1.12.429/aws-java-sdk-migrationhubrefactorspaces-1.12.429.jar:/root/.m2/repository/com/amazonaws/aws-java-sdk-appconfigdata/1.12.429/aws-java-sdk-appconfigdata-1.12.429.jar:/root/.m2/repository/com/amazonaws/aws-java-sdk-drs/1.12.429/aws-java-sdk-drs-1.12.429.jar:/root/.m2/repository/com/amazonaws/aws-java-sdk-migrationhubstrategyrecommendations/1.12.429/aws-java-sdk-migrationhubstrategyrecommendations-1.12.429.jar:/root/.m2/repository/com/amazonaws/aws-java-sdk-resiliencehub/1.12.429/aws-java-sdk-resiliencehub-1.12.429.jar:/root/.m2/repository/com/amazonaws/aws-java-sdk-chimesdkmeetings/1.12.429/aws-java-sdk-chimesdkmeetings-1.12.429.jar:/root/.m2/repository/com/amazonaws/aws-java-sdk-panorama/1.12.429/aws-java-sdk-panorama-1.12.429.jar:/root/.m2/repository/com/amazonaws/aws-java-sdk-managedgrafana/1.12.429/aws-java-sdk-managedgrafana-1.12.429.jar:/root/.m2/repository/com/amazonaws/aws-java-sdk-cloudcontrolapi/1.12.429/aws-java-sdk-cloudcontrolapi-1.12.429.jar:/root/.m2/repository/com/amazonaws/aws-java-sdk-account/1.12.429/aws-java-sdk-account-1.12.429.jar:/root/.m2/repository/com/amazonaws/aws-java-sdk-voiceid/1.12.429/aws-java-sdk-voiceid-1.12.429.jar:/root/.m2/repository/com/amazonaws/aws-java-sdk-connectwisdom/1.12.429/aws-java-sdk-connectwisdom-1.12.429.jar:/root/.m2/repository/com/amazonaws/aws-java-sdk-kafkaconnect/1.12.429/aws-java-sdk-kafkaconnect-1.12.429.jar:/root/.m2/repository/com/amazonaws/aws-java-sdk-opensearch/1.12.429/aws-java-sdk-opensearch-1.12.429.jar:/root/.m2/repository/com/amazonaws/aws-java-sdk-memorydb/1.12.429/aws-java-sdk-memorydb-1.12.429.jar:/root/.m2/repository/com/amazonaws/aws-java-sdk-snowdevicemanagement/1.12.429/aws-java-sdk-snowdevicemanagement-1.12.429.jar:/root/.m2/repository/com/amazonaws/aws-java-sdk-chimesdkidentity/1.12.429/aws-java-sdk-chimesdkidentity-1.12.429.jar:/root/.m2/repository/com/amazonaws/aws-java-sdk-chimesdkmessaging/1.12.429/aws-java-sdk-chimesdkmessaging-1.12.429.jar:/root/.m2/repository/com/amazonaws/aws-java-sdk-route53recoverycluster/1.12.429/aws-java-sdk-route53recoverycluster-1.12.429.jar:/root/.m2/repository/com/amazonaws/aws-java-sdk-route53recoverycontrolconfig/1.12.429/aws-java-sdk-route53recoverycontrolconfig-1.12.429.jar:/root/.m2/repository/com/amazonaws/aws-java-sdk-route53recoveryreadiness/1.12.429/aws-java-sdk-route53recoveryreadiness-1.12.429.jar:/root/.m2/repository/com/amazonaws/aws-java-sdk-proton/1.12.429/aws-java-sdk-proton-1.12.429.jar:/root/.m2/repository/com/amazonaws/aws-java-sdk-apprunner/1.12.429/aws-java-sdk-apprunner-1.12.429.jar:/root/.m2/repository/com/amazonaws/aws-java-sdk-applicationcostprofiler/1.12.429/aws-java-sdk-applicationcostprofiler-1.12.429.jar:/root/.m2/repository/com/amazonaws/aws-java-sdk-ssmcontacts/1.12.429/aws-java-sdk-ssmcontacts-1.12.429.jar:/root/.m2/repository/com/amazonaws/aws-java-sdk-ssmincidents/1.12.429/aws-java-sdk-ssmincidents-1.12.429.jar:/root/.m2/repository/com/amazonaws/aws-java-sdk-finspacedata/1.12.429/aws-java-sdk-finspacedata-1.12.429.jar:/root/.m2/repository/com/amazonaws/aws-java-sdk-finspace/1.12.429/aws-java-sdk-finspace-1.12.429.jar:/root/.m2/repository/com/amazonaws/aws-java-sdk-nimblestudio/1.12.429/aws-java-sdk-nimblestudio-1.12.429.jar:/root/.m2/repository/com/amazonaws/aws-java-sdk-lookoutequipment/1.12.429/aws-java-sdk-lookoutequipment-1.12.429.jar:/root/.m2/repository/com/amazonaws/aws-java-sdk-mgn/1.12.429/aws-java-sdk-mgn-1.12.429.jar:/root/.m2/repository/com/amazonaws/aws-java-sdk-lookoutmetrics/1.12.429/aws-java-sdk-lookoutmetrics-1.12.429.jar:/root/.m2/repository/com/amazonaws/aws-java-sdk-fis/1.12.429/aws-java-sdk-fis-1.12.429.jar:/root/.m2/repository/com/amazonaws/aws-java-sdk-lexmodelsv2/1.12.429/aws-java-sdk-lexmodelsv2-1.12.429.jar:/root/.m2/repository/com/amazonaws/aws-java-sdk-lexruntimev2/1.12.429/aws-java-sdk-lexruntimev2-1.12.429.jar:/root/.m2/repository/com/amazonaws/aws-java-sdk-wellarchitected/1.12.429/aws-java-sdk-wellarchitected-1.12.429.jar:/root/.m2/repository/com/amazonaws/aws-java-sdk-location/1.12.429/aws-java-sdk-location-1.12.429.jar:/root/.m2/repository/com/amazonaws/aws-java-sdk-iotdeviceadvisor/1.12.429/aws-java-sdk-iotdeviceadvisor-1.12.429.jar:/root/.m2/repository/com/amazonaws/aws-java-sdk-iotfleethub/1.12.429/aws-java-sdk-iotfleethub-1.12.429.jar:/root/.m2/repository/com/amazonaws/aws-java-sdk-iotwireless/1.12.429/aws-java-sdk-iotwireless-1.12.429.jar:/root/.m2/repository/com/amazonaws/aws-java-sdk-greengrassv2/1.12.429/aws-java-sdk-greengrassv2-1.12.429.jar:/root/.m2/repository/com/amazonaws/aws-java-sdk-prometheus/1.12.429/aws-java-sdk-prometheus-1.12.429.jar:/root/.m2/repository/com/amazonaws/aws-java-sdk-auditmanager/1.12.429/aws-java-sdk-auditmanager-1.12.429.jar:/root/.m2/repository/com/amazonaws/aws-java-sdk-healthlake/1.12.429/aws-java-sdk-healthlake-1.12.429.jar:/root/.m2/repository/com/amazonaws/aws-java-sdk-sagemakeredgemanager/1.12.429/aws-java-sdk-sagemakeredgemanager-1.12.429.jar:/root/.m2/repository/com/amazonaws/aws-java-sdk-emrcontainers/1.12.429/aws-java-sdk-emrcontainers-1.12.429.jar:/root/.m2/repository/com/amazonaws/aws-java-sdk-customerprofiles/1.12.429/aws-java-sdk-customerprofiles-1.12.429.jar:/root/.m2/repository/com/amazonaws/aws-java-sdk-lookoutforvision/1.12.429/aws-java-sdk-lookoutforvision-1.12.429.jar:/root/.m2/repository/com/amazonaws/aws-java-sdk-connectcontactlens/1.12.429/aws-java-sdk-connectcontactlens-1.12.429.jar:/root/.m2/repository/com/amazonaws/aws-java-sdk-amplifybackend/1.12.429/aws-java-sdk-amplifybackend-1.12.429.jar:/root/.m2/repository/com/amazonaws/aws-java-sdk-ecrpublic/1.12.429/aws-java-sdk-ecrpublic-1.12.429.jar:/root/.m2/repository/com/amazonaws/aws-java-sdk-appintegrations/1.12.429/aws-java-sdk-appintegrations-1.12.429.jar:/root/.m2/repository/com/amazonaws/aws-java-sdk-sagemakerfeaturestoreruntime/1.12.429/aws-java-sdk-sagemakerfeaturestoreruntime-1.12.429.jar:/root/.m2/repository/com/amazonaws/aws-java-sdk-devopsguru/1.12.429/aws-java-sdk-devopsguru-1.12.429.jar:/root/.m2/repository/com/amazonaws/aws-java-sdk-mwaa/1.12.429/aws-java-sdk-mwaa-1.12.429.jar:/root/.m2/repository/com/amazonaws/aws-java-sdk-networkfirewall/1.12.429/aws-java-sdk-networkfirewall-1.12.429.jar:/root/.m2/repository/com/amazonaws/aws-java-sdk-appregistry/1.12.429/aws-java-sdk-appregistry-1.12.429.jar:/root/.m2/repository/com/amazonaws/aws-java-sdk-gluedatabrew/1.12.429/aws-java-sdk-gluedatabrew-1.12.429.jar:/root/.m2/repository/com/amazonaws/aws-java-sdk-s3outposts/1.12.429/aws-java-sdk-s3outposts-1.12.429.jar:/root/.m2/repository/com/amazonaws/aws-java-sdk-timestreamquery/1.12.429/aws-java-sdk-timestreamquery-1.12.429.jar:/root/.m2/repository/com/amazonaws/aws-java-sdk-timestreamwrite/1.12.429/aws-java-sdk-timestreamwrite-1.12.429.jar:/root/.m2/repository/com/amazonaws/aws-java-sdk-ssoadmin/1.12.429/aws-java-sdk-ssoadmin-1.12.429.jar:/root/.m2/repository/com/amazonaws/aws-java-sdk-redshiftdataapi/1.12.429/aws-java-sdk-redshiftdataapi-1.12.429.jar:/root/.m2/repository/com/amazonaws/aws-java-sdk-appflow/1.12.429/aws-java-sdk-appflow-1.12.429.jar:/root/.m2/repository/com/amazonaws/aws-java-sdk-identitystore/1.12.429/aws-java-sdk-identitystore-1.12.429.jar:/root/.m2/repository/com/amazonaws/aws-java-sdk-braket/1.12.429/aws-java-sdk-braket-1.12.429.jar:/root/.m2/repository/com/amazonaws/aws-java-sdk-ivs/1.12.429/aws-java-sdk-ivs-1.12.429.jar:/root/.m2/repository/com/amazonaws/aws-java-sdk-honeycode/1.12.429/aws-java-sdk-honeycode-1.12.429.jar:/root/.m2/repository/com/amazonaws/aws-java-sdk-codeartifact/1.12.429/aws-java-sdk-codeartifact-1.12.429.jar:/root/.m2/repository/com/amazonaws/aws-java-sdk-macie2/1.12.429/aws-java-sdk-macie2-1.12.429.jar:/root/.m2/repository/com/amazonaws/aws-java-sdk-iotsitewise/1.12.429/aws-java-sdk-iotsitewise-1.12.429.jar:/root/.m2/repository/com/amazonaws/aws-java-sdk-synthetics/1.12.429/aws-java-sdk-synthetics-1.12.429.jar:/root/.m2/repository/com/amazonaws/aws-java-sdk-codestarconnections/1.12.429/aws-java-sdk-codestarconnections-1.12.429.jar:/root/.m2/repository/com/amazonaws/aws-java-sdk-detective/1.12.429/aws-java-sdk-detective-1.12.429.jar:/root/.m2/repository/com/amazonaws/aws-java-sdk-kinesisvideosignalingchannels/1.12.429/aws-java-sdk-kinesisvideosignalingchannels-1.12.429.jar:/root/.m2/repository/com/amazonaws/aws-java-sdk-ebs/1.12.429/aws-java-sdk-ebs-1.12.429.jar:/root/.m2/repository/com/amazonaws/aws-java-sdk-augmentedairuntime/1.12.429/aws-java-sdk-augmentedairuntime-1.12.429.jar:/root/.m2/repository/com/amazonaws/aws-java-sdk-outposts/1.12.429/aws-java-sdk-outposts-1.12.429.jar:/root/.m2/repository/com/amazonaws/aws-java-sdk-codeguruprofiler/1.12.429/aws-java-sdk-codeguruprofiler-1.12.429.jar:/root/.m2/repository/com/amazonaws/aws-java-sdk-codegurureviewer/1.12.429/aws-java-sdk-codegurureviewer-1.12.429.jar:/root/.m2/repository/com/amazonaws/aws-java-sdk-frauddetector/1.12.429/aws-java-sdk-frauddetector-1.12.429.jar:/root/.m2/repository/com/amazonaws/aws-java-sdk-kendra/1.12.429/aws-java-sdk-kendra-1.12.429.jar:/root/.m2/repository/com/amazonaws/aws-java-sdk-networkmanager/1.12.429/aws-java-sdk-networkmanager-1.12.429.jar:/root/.m2/repository/com/amazonaws/aws-java-sdk-computeoptimizer/1.12.429/aws-java-sdk-computeoptimizer-1.12.429.jar:/root/.m2/repository/com/amazonaws/aws-java-sdk-accessanalyzer/1.12.429/aws-java-sdk-accessanalyzer-1.12.429.jar:/root/.m2/repository/com/amazonaws/aws-java-sdk-schemas/1.12.429/aws-java-sdk-schemas-1.12.429.jar:/root/.m2/repository/com/amazonaws/aws-java-sdk-imagebuilder/1.12.429/aws-java-sdk-imagebuilder-1.12.429.jar:/root/.m2/repository/com/amazonaws/aws-java-sdk-elasticinference/1.12.429/aws-java-sdk-elasticinference-1.12.429.jar:/root/.m2/repository/com/amazonaws/aws-java-sdk-iotsecuretunneling/1.12.429/aws-java-sdk-iotsecuretunneling-1.12.429.jar:/root/.m2/repository/com/amazonaws/aws-java-sdk-appconfig/1.12.429/aws-java-sdk-appconfig-1.12.429.jar:/root/.m2/repository/com/amazonaws/aws-java-sdk-wafv2/1.12.429/aws-java-sdk-wafv2-1.12.429.jar:/root/.m2/repository/com/amazonaws/aws-java-sdk-connectparticipant/1.12.429/aws-java-sdk-connectparticipant-1.12.429.jar:/root/.m2/repository/com/amazonaws/aws-java-sdk-migrationhubconfig/1.12.429/aws-java-sdk-migrationhubconfig-1.12.429.jar:/root/.m2/repository/com/amazonaws/aws-java-sdk-dataexchange/1.12.429/aws-java-sdk-dataexchange-1.12.429.jar:/root/.m2/repository/com/amazonaws/aws-java-sdk-sesv2/1.12.429/aws-java-sdk-sesv2-1.12.429.jar:/root/.m2/repository/com/amazonaws/aws-java-sdk-marketplacecatalog/1.12.429/aws-java-sdk-marketplacecatalog-1.12.429.jar:/root/.m2/repository/com/amazonaws/aws-java-sdk-ssooidc/1.12.429/aws-java-sdk-ssooidc-1.12.429.jar:/root/.m2/repository/com/amazonaws/aws-java-sdk-sso/1.12.429/aws-java-sdk-sso-1.12.429.jar:/root/.m2/repository/com/amazonaws/aws-java-sdk-savingsplans/1.12.429/aws-java-sdk-savingsplans-1.12.429.jar:/root/.m2/repository/com/amazonaws/aws-java-sdk-codestarnotifications/1.12.429/aws-java-sdk-codestarnotifications-1.12.429.jar:/root/.m2/repository/com/amazonaws/aws-java-sdk-workmailmessageflow/1.12.429/aws-java-sdk-workmailmessageflow-1.12.429.jar:/root/.m2/repository/com/amazonaws/aws-java-sdk-qldbsession/1.12.429/aws-java-sdk-qldbsession-1.12.429.jar:/root/.m2/repository/com/amazonaws/aws-java-sdk-qldb/1.12.429/aws-java-sdk-qldb-1.12.429.jar:/root/.m2/repository/com/amazonaws/aws-java-sdk-forecastquery/1.12.429/aws-java-sdk-forecastquery-1.12.429.jar:/root/.m2/repository/com/amazonaws/aws-java-sdk-forecast/1.12.429/aws-java-sdk-forecast-1.12.429.jar:/root/.m2/repository/com/amazonaws/aws-java-sdk-lakeformation/1.12.429/aws-java-sdk-lakeformation-1.12.429.jar:/root/.m2/repository/com/amazonaws/aws-java-sdk-eventbridge/1.12.429/aws-java-sdk-eventbridge-1.12.429.jar:/root/.m2/repository/com/amazonaws/aws-java-sdk-ec2instanceconnect/1.12.429/aws-java-sdk-ec2instanceconnect-1.12.429.jar:/root/.m2/repository/com/amazonaws/aws-java-sdk-applicationinsights/1.12.429/aws-java-sdk-applicationinsights-1.12.429.jar:/root/.m2/repository/com/amazonaws/aws-java-sdk-servicequotas/1.12.429/aws-java-sdk-servicequotas-1.12.429.jar:/root/.m2/repository/com/amazonaws/aws-java-sdk-personalizeevents/1.12.429/aws-java-sdk-personalizeevents-1.12.429.jar:/root/.m2/repository/com/amazonaws/aws-java-sdk-personalize/1.12.429/aws-java-sdk-personalize-1.12.429.jar:/root/.m2/repository/com/amazonaws/aws-java-sdk-personalizeruntime/1.12.429/aws-java-sdk-personalizeruntime-1.12.429.jar:/root/.m2/repository/com/amazonaws/aws-java-sdk-ioteventsdata/1.12.429/aws-java-sdk-ioteventsdata-1.12.429.jar:/root/.m2/repository/com/amazonaws/aws-java-sdk-iotevents/1.12.429/aws-java-sdk-iotevents-1.12.429.jar:/root/.m2/repository/com/amazonaws/aws-java-sdk-iotthingsgraph/1.12.429/aws-java-sdk-iotthingsgraph-1.12.429.jar:/root/.m2/repository/com/amazonaws/aws-java-sdk-groundstation/1.12.429/aws-java-sdk-groundstation-1.12.429.jar:/root/.m2/repository/com/amazonaws/aws-java-sdk-mediapackagevod/1.12.429/aws-java-sdk-mediapackagevod-1.12.429.jar:/root/.m2/repository/com/amazonaws/aws-java-sdk-managedblockchain/1.12.429/aws-java-sdk-managedblockchain-1.12.429.jar:/root/.m2/repository/com/amazonaws/aws-java-sdk-textract/1.12.429/aws-java-sdk-textract-1.12.429.jar:/root/.m2/repository/com/amazonaws/aws-java-sdk-worklink/1.12.429/aws-java-sdk-worklink-1.12.429.jar:/root/.m2/repository/com/amazonaws/aws-java-sdk-backup/1.12.429/aws-java-sdk-backup-1.12.429.jar:/root/.m2/repository/com/amazonaws/aws-java-sdk-docdb/1.12.429/aws-java-sdk-docdb-1.12.429.jar:/root/.m2/repository/com/amazonaws/aws-java-sdk-apigatewayv2/1.12.429/aws-java-sdk-apigatewayv2-1.12.429.jar:/root/.m2/repository/com/amazonaws/aws-java-sdk-apigatewaymanagementapi/1.12.429/aws-java-sdk-apigatewaymanagementapi-1.12.429.jar:/root/.m2/repository/com/amazonaws/aws-java-sdk-kafka/1.12.429/aws-java-sdk-kafka-1.12.429.jar:/root/.m2/repository/com/amazonaws/aws-java-sdk-appmesh/1.12.429/aws-java-sdk-appmesh-1.12.429.jar:/root/.m2/repository/com/amazonaws/aws-java-sdk-licensemanager/1.12.429/aws-java-sdk-licensemanager-1.12.429.jar:/root/.m2/repository/com/amazonaws/aws-java-sdk-securityhub/1.12.429/aws-java-sdk-securityhub-1.12.429.jar:/root/.m2/repository/com/amazonaws/aws-java-sdk-fsx/1.12.429/aws-java-sdk-fsx-1.12.429.jar:/root/.m2/repository/com/amazonaws/aws-java-sdk-mediaconnect/1.12.429/aws-java-sdk-mediaconnect-1.12.429.jar:/root/.m2/repository/com/amazonaws/aws-java-sdk-kinesisanalyticsv2/1.12.429/aws-java-sdk-kinesisanalyticsv2-1.12.429.jar:/root/.m2/repository/com/amazonaws/aws-java-sdk-comprehendmedical/1.12.429/aws-java-sdk-comprehendmedical-1.12.429.jar:/root/.m2/repository/com/amazonaws/aws-java-sdk-globalaccelerator/1.12.429/aws-java-sdk-globalaccelerator-1.12.429.jar:/root/.m2/repository/com/amazonaws/aws-java-sdk-transfer/1.12.429/aws-java-sdk-transfer-1.12.429.jar:/root/.m2/repository/com/amazonaws/aws-java-sdk-datasync/1.12.429/aws-java-sdk-datasync-1.12.429.jar:/root/.m2/repository/com/amazonaws/aws-java-sdk-robomaker/1.12.429/aws-java-sdk-robomaker-1.12.429.jar:/root/.m2/repository/com/amazonaws/aws-java-sdk-amplify/1.12.429/aws-java-sdk-amplify-1.12.429.jar:/root/.m2/repository/com/amazonaws/aws-java-sdk-quicksight/1.12.429/aws-java-sdk-quicksight-1.12.429.jar:/root/.m2/repository/com/amazonaws/aws-java-sdk-rdsdata/1.12.429/aws-java-sdk-rdsdata-1.12.429.jar:/root/.m2/repository/com/amazonaws/aws-java-sdk-route53resolver/1.12.429/aws-java-sdk-route53resolver-1.12.429.jar:/root/.m2/repository/com/amazonaws/aws-java-sdk-ram/1.12.429/aws-java-sdk-ram-1.12.429.jar:/root/.m2/repository/com/amazonaws/aws-java-sdk-s3control/1.12.429/aws-java-sdk-s3control-1.12.429.jar:/root/.m2/repository/com/amazonaws/aws-java-sdk-pinpointsmsvoice/1.12.429/aws-java-sdk-pinpointsmsvoice-1.12.429.jar:/root/.m2/repository/com/amazonaws/aws-java-sdk-pinpointemail/1.12.429/aws-java-sdk-pinpointemail-1.12.429.jar:/root/.m2/repository/com/amazonaws/aws-java-sdk-chime/1.12.429/aws-java-sdk-chime-1.12.429.jar:/root/.m2/repository/com/amazonaws/aws-java-sdk-signer/1.12.429/aws-java-sdk-signer-1.12.429.jar:/root/.m2/repository/com/amazonaws/aws-java-sdk-dlm/1.12.429/aws-java-sdk-dlm-1.12.429.jar:/root/.m2/repository/com/amazonaws/aws-java-sdk-macie/1.12.429/aws-java-sdk-macie-1.12.429.jar:/root/.m2/repository/com/amazonaws/aws-java-sdk-eks/1.12.429/aws-java-sdk-eks-1.12.429.jar:/root/.m2/repository/com/amazonaws/aws-java-sdk-mediatailor/1.12.429/aws-java-sdk-mediatailor-1.12.429.jar:/root/.m2/repository/com/amazonaws/aws-java-sdk-neptune/1.12.429/aws-java-sdk-neptune-1.12.429.jar:/root/.m2/repository/com/amazonaws/aws-java-sdk-pi/1.12.429/aws-java-sdk-pi-1.12.429.jar:/root/.m2/repository/com/amazonaws/aws-java-sdk-iot1clickprojects/1.12.429/aws-java-sdk-iot1clickprojects-1.12.429.jar:/root/.m2/repository/com/amazonaws/aws-java-sdk-iot1clickdevices/1.12.429/aws-java-sdk-iot1clickdevices-1.12.429.jar:/root/.m2/repository/com/amazonaws/aws-java-sdk-iotanalytics/1.12.429/aws-java-sdk-iotanalytics-1.12.429.jar:/root/.m2/repository/com/amazonaws/aws-java-sdk-acmpca/1.12.429/aws-java-sdk-acmpca-1.12.429.jar:/root/.m2/repository/com/amazonaws/aws-java-sdk-secretsmanager/1.12.429/aws-java-sdk-secretsmanager-1.12.429.jar:/root/.m2/repository/com/amazonaws/aws-java-sdk-fms/1.12.429/aws-java-sdk-fms-1.12.429.jar:/root/.m2/repository/com/amazonaws/aws-java-sdk-connect/1.12.429/aws-java-sdk-connect-1.12.429.jar:/root/.m2/repository/com/amazonaws/aws-java-sdk-transcribe/1.12.429/aws-java-sdk-transcribe-1.12.429.jar:/root/.m2/repository/com/amazonaws/aws-java-sdk-autoscalingplans/1.12.429/aws-java-sdk-autoscalingplans-1.12.429.jar:/root/.m2/repository/com/amazonaws/aws-java-sdk-workmail/1.12.429/aws-java-sdk-workmail-1.12.429.jar:/root/.m2/repository/com/amazonaws/aws-java-sdk-servicediscovery/1.12.429/aws-java-sdk-servicediscovery-1.12.429.jar:/root/.m2/repository/com/amazonaws/aws-java-sdk-cloud9/1.12.429/aws-java-sdk-cloud9-1.12.429.jar:/root/.m2/repository/com/amazonaws/aws-java-sdk-serverlessapplicationrepository/1.12.429/aws-java-sdk-serverlessapplicationrepository-1.12.429.jar:/root/.m2/repository/com/amazonaws/aws-java-sdk-alexaforbusiness/1.12.429/aws-java-sdk-alexaforbusiness-1.12.429.jar:/root/.m2/repository/com/amazonaws/aws-java-sdk-resourcegroups/1.12.429/aws-java-sdk-resourcegroups-1.12.429.jar:/root/.m2/repository/com/amazonaws/aws-java-sdk-comprehend/1.12.429/aws-java-sdk-comprehend-1.12.429.jar:/root/.m2/repository/com/amazonaws/aws-java-sdk-translate/1.12.429/aws-java-sdk-translate-1.12.429.jar:/root/.m2/repository/com/amazonaws/aws-java-sdk-sagemaker/1.12.429/aws-java-sdk-sagemaker-1.12.429.jar:/root/.m2/repository/com/amazonaws/aws-java-sdk-iotjobsdataplane/1.12.429/aws-java-sdk-iotjobsdataplane-1.12.429.jar:/root/.m2/repository/com/amazonaws/aws-java-sdk-sagemakerruntime/1.12.429/aws-java-sdk-sagemakerruntime-1.12.429.jar:/root/.m2/repository/com/amazonaws/aws-java-sdk-kinesisvideo/1.12.429/aws-java-sdk-kinesisvideo-1.12.429.jar:/root/.m2/repository/io/netty/netty-codec-http/4.1.86.Final/netty-codec-http-4.1.86.Final.jar:/root/.m2/repository/io/netty/netty-handler/4.1.86.Final/netty-handler-4.1.86.Final.jar:/root/.m2/repository/io/netty/netty-resolver/4.1.86.Final/netty-resolver-4.1.86.Final.jar:/root/.m2/repository/io/netty/netty-transport-native-unix-common/4.1.86.Final/netty-transport-native-unix-common-4.1.86.Final.jar:/root/.m2/repository/com/amazonaws/aws-java-sdk-appsync/1.12.429/aws-java-sdk-appsync-1.12.429.jar:/root/.m2/repository/com/amazonaws/aws-java-sdk-guardduty/1.12.429/aws-java-sdk-guardduty-1.12.429.jar:/root/.m2/repository/com/amazonaws/aws-java-sdk-mq/1.12.429/aws-java-sdk-mq-1.12.429.jar:/root/.m2/repository/com/amazonaws/aws-java-sdk-mediaconvert/1.12.429/aws-java-sdk-mediaconvert-1.12.429.jar:/root/.m2/repository/com/amazonaws/aws-java-sdk-mediastore/1.12.429/aws-java-sdk-mediastore-1.12.429.jar:/root/.m2/repository/com/amazonaws/aws-java-sdk-mediastoredata/1.12.429/aws-java-sdk-mediastoredata-1.12.429.jar:/root/.m2/repository/com/amazonaws/aws-java-sdk-medialive/1.12.429/aws-java-sdk-medialive-1.12.429.jar:/root/.m2/repository/com/amazonaws/aws-java-sdk-mediapackage/1.12.429/aws-java-sdk-mediapackage-1.12.429.jar:/root/.m2/repository/com/amazonaws/aws-java-sdk-costexplorer/1.12.429/aws-java-sdk-costexplorer-1.12.429.jar:/root/.m2/repository/com/amazonaws/aws-java-sdk-pricing/1.12.429/aws-java-sdk-pricing-1.12.429.jar:/root/.m2/repository/com/amazonaws/aws-java-sdk-mobile/1.12.429/aws-java-sdk-mobile-1.12.429.jar:/root/.m2/repository/com/amazonaws/aws-java-sdk-cloudhsmv2/1.12.429/aws-java-sdk-cloudhsmv2-1.12.429.jar:/root/.m2/repository/com/amazonaws/aws-java-sdk-glue/1.12.429/aws-java-sdk-glue-1.12.429.jar:/root/.m2/repository/com/amazonaws/aws-java-sdk-migrationhub/1.12.429/aws-java-sdk-migrationhub-1.12.429.jar:/root/.m2/repository/com/amazonaws/aws-java-sdk-dax/1.12.429/aws-java-sdk-dax-1.12.429.jar:/root/.m2/repository/com/amazonaws/aws-java-sdk-greengrass/1.12.429/aws-java-sdk-greengrass-1.12.429.jar:/root/.m2/repository/com/amazonaws/aws-java-sdk-athena/1.12.429/aws-java-sdk-athena-1.12.429.jar:/root/.m2/repository/com/amazonaws/aws-java-sdk-marketplaceentitlement/1.12.429/aws-java-sdk-marketplaceentitlement-1.12.429.jar:/root/.m2/repository/com/amazonaws/aws-java-sdk-codestar/1.12.429/aws-java-sdk-codestar-1.12.429.jar:/root/.m2/repository/com/amazonaws/aws-java-sdk-lexmodelbuilding/1.12.429/aws-java-sdk-lexmodelbuilding-1.12.429.jar:/root/.m2/repository/com/amazonaws/aws-java-sdk-resourcegroupstaggingapi/1.12.429/aws-java-sdk-resourcegroupstaggingapi-1.12.429.jar:/root/.m2/repository/com/amazonaws/aws-java-sdk-pinpoint/1.12.429/aws-java-sdk-pinpoint-1.12.429.jar:/root/.m2/repository/com/amazonaws/aws-java-sdk-xray/1.12.429/aws-java-sdk-xray-1.12.429.jar:/root/.m2/repository/com/amazonaws/aws-java-sdk-opsworkscm/1.12.429/aws-java-sdk-opsworkscm-1.12.429.jar:/root/.m2/repository/com/amazonaws/aws-java-sdk-support/1.12.429/aws-java-sdk-support-1.12.429.jar:/root/.m2/repository/com/amazonaws/aws-java-sdk-simpledb/1.12.429/aws-java-sdk-simpledb-1.12.429.jar:/root/.m2/repository/com/amazonaws/aws-java-sdk-servicecatalog/1.12.429/aws-java-sdk-servicecatalog-1.12.429.jar:/root/.m2/repository/com/amazonaws/aws-java-sdk-servermigration/1.12.429/aws-java-sdk-servermigration-1.12.429.jar:/root/.m2/repository/com/amazonaws/aws-java-sdk-simpleworkflow/1.12.429/aws-java-sdk-simpleworkflow-1.12.429.jar:/root/.m2/repository/com/amazonaws/aws-java-sdk-storagegateway/1.12.429/aws-java-sdk-storagegateway-1.12.429.jar:/root/.m2/repository/com/amazonaws/aws-java-sdk-route53/1.12.429/aws-java-sdk-route53-1.12.429.jar:/root/.m2/repository/com/amazonaws/aws-java-sdk-s3/1.12.429/aws-java-sdk-s3-1.12.429.jar:/root/.m2/repository/com/amazonaws/aws-java-sdk-importexport/1.12.429/aws-java-sdk-importexport-1.12.429.jar:/root/.m2/repository/com/amazonaws/aws-java-sdk-sts/1.12.429/aws-java-sdk-sts-1.12.429.jar:/root/.m2/repository/com/amazonaws/aws-java-sdk-sqs/1.12.429/aws-java-sdk-sqs-1.12.429.jar:/root/.m2/repository/com/amazonaws/aws-java-sdk-rds/1.12.429/aws-java-sdk-rds-1.12.429.jar:/root/.m2/repository/com/amazonaws/aws-java-sdk-redshift/1.12.429/aws-java-sdk-redshift-1.12.429.jar:/root/.m2/repository/com/amazonaws/aws-java-sdk-elasticbeanstalk/1.12.429/aws-java-sdk-elasticbeanstalk-1.12.429.jar:/root/.m2/repository/com/amazonaws/aws-java-sdk-glacier/1.12.429/aws-java-sdk-glacier-1.12.429.jar:/root/.m2/repository/com/amazonaws/aws-java-sdk-iam/1.12.429/aws-java-sdk-iam-1.12.429.jar:/root/.m2/repository/com/amazonaws/aws-java-sdk-datapipeline/1.12.429/aws-java-sdk-datapipeline-1.12.429.jar:/root/.m2/repository/com/amazonaws/aws-java-sdk-elasticloadbalancing/1.12.429/aws-java-sdk-elasticloadbalancing-1.12.429.jar:/root/.m2/repository/com/amazonaws/aws-java-sdk-elasticloadbalancingv2/1.12.429/aws-java-sdk-elasticloadbalancingv2-1.12.429.jar:/root/.m2/repository/com/amazonaws/aws-java-sdk-emr/1.12.429/aws-java-sdk-emr-1.12.429.jar:/root/.m2/repository/com/amazonaws/aws-java-sdk-elasticache/1.12.429/aws-java-sdk-elasticache-1.12.429.jar:/root/.m2/repository/com/amazonaws/aws-java-sdk-elastictranscoder/1.12.429/aws-java-sdk-elastictranscoder-1.12.429.jar:/root/.m2/repository/com/amazonaws/aws-java-sdk-ec2/1.12.429/aws-java-sdk-ec2-1.12.429.jar:/root/.m2/repository/com/amazonaws/aws-java-sdk-dynamodb/1.12.429/aws-java-sdk-dynamodb-1.12.429.jar:/root/.m2/repository/com/amazonaws/aws-java-sdk-sns/1.12.429/aws-java-sdk-sns-1.12.429.jar:/root/.m2/repository/com/amazonaws/aws-java-sdk-budgets/1.12.429/aws-java-sdk-budgets-1.12.429.jar:/root/.m2/repository/com/amazonaws/aws-java-sdk-cloudtrail/1.12.429/aws-java-sdk-cloudtrail-1.12.429.jar:/root/.m2/repository/com/amazonaws/aws-java-sdk-cloudwatch/1.12.429/aws-java-sdk-cloudwatch-1.12.429.jar:/root/.m2/repository/com/amazonaws/aws-java-sdk-logs/1.12.429/aws-java-sdk-logs-1.12.429.jar:/root/.m2/repository/com/amazonaws/aws-java-sdk-events/1.12.429/aws-java-sdk-events-1.12.429.jar:/root/.m2/repository/com/amazonaws/aws-java-sdk-cognitoidentity/1.12.429/aws-java-sdk-cognitoidentity-1.12.429.jar:/root/.m2/repository/com/amazonaws/aws-java-sdk-cognitosync/1.12.429/aws-java-sdk-cognitosync-1.12.429.jar:/root/.m2/repository/com/amazonaws/aws-java-sdk-directconnect/1.12.429/aws-java-sdk-directconnect-1.12.429.jar:/root/.m2/repository/com/amazonaws/aws-java-sdk-cloudformation/1.12.429/aws-java-sdk-cloudformation-1.12.429.jar:/root/.m2/repository/com/amazonaws/aws-java-sdk-cloudfront/1.12.429/aws-java-sdk-cloudfront-1.12.429.jar:/root/.m2/repository/com/amazonaws/aws-java-sdk-clouddirectory/1.12.429/aws-java-sdk-clouddirectory-1.12.429.jar:/root/.m2/repository/com/amazonaws/aws-java-sdk-kinesis/1.12.429/aws-java-sdk-kinesis-1.12.429.jar:/root/.m2/repository/com/amazonaws/aws-java-sdk-opsworks/1.12.429/aws-java-sdk-opsworks-1.12.429.jar:/root/.m2/repository/com/amazonaws/aws-java-sdk-ses/1.12.429/aws-java-sdk-ses-1.12.429.jar:/root/.m2/repository/com/amazonaws/aws-java-sdk-autoscaling/1.12.429/aws-java-sdk-autoscaling-1.12.429.jar:/root/.m2/repository/com/amazonaws/aws-java-sdk-cloudsearch/1.12.429/aws-java-sdk-cloudsearch-1.12.429.jar:/root/.m2/repository/com/amazonaws/aws-java-sdk-cloudwatchmetrics/1.12.429/aws-java-sdk-cloudwatchmetrics-1.12.429.jar:/root/.m2/repository/com/amazonaws/aws-java-sdk-codedeploy/1.12.429/aws-java-sdk-codedeploy-1.12.429.jar:/root/.m2/repository/com/amazonaws/aws-java-sdk-codepipeline/1.12.429/aws-java-sdk-codepipeline-1.12.429.jar:/root/.m2/repository/com/amazonaws/aws-java-sdk-kms/1.12.429/aws-java-sdk-kms-1.12.429.jar:/root/.m2/repository/com/amazonaws/aws-java-sdk-config/1.12.429/aws-java-sdk-config-1.12.429.jar:/root/.m2/repository/com/amazonaws/aws-java-sdk-lambda/1.12.429/aws-java-sdk-lambda-1.12.429.jar:/root/.m2/repository/com/amazonaws/aws-java-sdk-ecs/1.12.429/aws-java-sdk-ecs-1.12.429.jar:/root/.m2/repository/com/amazonaws/aws-java-sdk-ecr/1.12.429/aws-java-sdk-ecr-1.12.429.jar:/root/.m2/repository/com/amazonaws/aws-java-sdk-cloudhsm/1.12.429/aws-java-sdk-cloudhsm-1.12.429.jar:/root/.m2/repository/com/amazonaws/aws-java-sdk-ssm/1.12.429/aws-java-sdk-ssm-1.12.429.jar:/root/.m2/repository/com/amazonaws/aws-java-sdk-workspaces/1.12.429/aws-java-sdk-workspaces-1.12.429.jar:/root/.m2/repository/com/amazonaws/aws-java-sdk-machinelearning/1.12.429/aws-java-sdk-machinelearning-1.12.429.jar:/root/.m2/repository/com/amazonaws/aws-java-sdk-directory/1.12.429/aws-java-sdk-directory-1.12.429.jar:/root/.m2/repository/com/amazonaws/aws-java-sdk-efs/1.12.429/aws-java-sdk-efs-1.12.429.jar:/root/.m2/repository/com/amazonaws/aws-java-sdk-codecommit/1.12.429/aws-java-sdk-codecommit-1.12.429.jar:/root/.m2/repository/com/amazonaws/aws-java-sdk-devicefarm/1.12.429/aws-java-sdk-devicefarm-1.12.429.jar:/root/.m2/repository/com/amazonaws/aws-java-sdk-elasticsearch/1.12.429/aws-java-sdk-elasticsearch-1.12.429.jar:/root/.m2/repository/com/amazonaws/aws-java-sdk-waf/1.12.429/aws-java-sdk-waf-1.12.429.jar:/root/.m2/repository/com/amazonaws/aws-java-sdk-marketplacecommerceanalytics/1.12.429/aws-java-sdk-marketplacecommerceanalytics-1.12.429.jar:/root/.m2/repository/com/amazonaws/aws-java-sdk-inspector/1.12.429/aws-java-sdk-inspector-1.12.429.jar:/root/.m2/repository/com/amazonaws/aws-java-sdk-iot/1.12.429/aws-java-sdk-iot-1.12.429.jar:/root/.m2/repository/com/amazonaws/aws-java-sdk-api-gateway/1.12.429/aws-java-sdk-api-gateway-1.12.429.jar:/root/.m2/repository/com/amazonaws/aws-java-sdk-acm/1.12.429/aws-java-sdk-acm-1.12.429.jar:/root/.m2/repository/com/amazonaws/aws-java-sdk-gamelift/1.12.429/aws-java-sdk-gamelift-1.12.429.jar:/root/.m2/repository/com/amazonaws/aws-java-sdk-dms/1.12.429/aws-java-sdk-dms-1.12.429.jar:/root/.m2/repository/com/amazonaws/aws-java-sdk-marketplacemeteringservice/1.12.429/aws-java-sdk-marketplacemeteringservice-1.12.429.jar:/root/.m2/repository/com/amazonaws/aws-java-sdk-cognitoidp/1.12.429/aws-java-sdk-cognitoidp-1.12.429.jar:/root/.m2/repository/com/amazonaws/aws-java-sdk-discovery/1.12.429/aws-java-sdk-discovery-1.12.429.jar:/root/.m2/repository/com/amazonaws/aws-java-sdk-applicationautoscaling/1.12.429/aws-java-sdk-applicationautoscaling-1.12.429.jar:/root/.m2/repository/com/amazonaws/aws-java-sdk-snowball/1.12.429/aws-java-sdk-snowball-1.12.429.jar:/root/.m2/repository/com/amazonaws/aws-java-sdk-rekognition/1.12.429/aws-java-sdk-rekognition-1.12.429.jar:/root/.m2/repository/com/amazonaws/aws-java-sdk-polly/1.12.429/aws-java-sdk-polly-1.12.429.jar:/root/.m2/repository/com/amazonaws/aws-java-sdk-lightsail/1.12.429/aws-java-sdk-lightsail-1.12.429.jar:/root/.m2/repository/com/amazonaws/aws-java-sdk-stepfunctions/1.12.429/aws-java-sdk-stepfunctions-1.12.429.jar:/root/.m2/repository/com/amazonaws/aws-java-sdk-health/1.12.429/aws-java-sdk-health-1.12.429.jar:/root/.m2/repository/com/amazonaws/aws-java-sdk-costandusagereport/1.12.429/aws-java-sdk-costandusagereport-1.12.429.jar:/root/.m2/repository/com/amazonaws/aws-java-sdk-codebuild/1.12.429/aws-java-sdk-codebuild-1.12.429.jar:/root/.m2/repository/com/amazonaws/aws-java-sdk-appstream/1.12.429/aws-java-sdk-appstream-1.12.429.jar:/root/.m2/repository/com/amazonaws/aws-java-sdk-shield/1.12.429/aws-java-sdk-shield-1.12.429.jar:/root/.m2/repository/com/amazonaws/aws-java-sdk-batch/1.12.429/aws-java-sdk-batch-1.12.429.jar:/root/.m2/repository/com/amazonaws/aws-java-sdk-lex/1.12.429/aws-java-sdk-lex-1.12.429.jar:/root/.m2/repository/com/amazonaws/aws-java-sdk-mechanicalturkrequester/1.12.429/aws-java-sdk-mechanicalturkrequester-1.12.429.jar:/root/.m2/repository/com/amazonaws/aws-java-sdk-organizations/1.12.429/aws-java-sdk-organizations-1.12.429.jar:/root/.m2/repository/com/amazonaws/aws-java-sdk-workdocs/1.12.429/aws-java-sdk-workdocs-1.12.429.jar:/root/.m2/repository/com/amazonaws/aws-java-sdk-core/1.12.429/aws-java-sdk-core-1.12.429.jar:/root/.m2/repository/software/amazon/ion/ion-java/1.0.2/ion-java-1.0.2.jar:/root/.m2/repository/com/fasterxml/jackson/core/jackson-databind/2.12.7.1/jackson-databind-2.12.7.1.jar:/root/.m2/repository/com/fasterxml/jackson/core/jackson-annotations/2.12.7/jackson-annotations-2.12.7.jar:/root/.m2/repository/com/fasterxml/jackson/dataformat/jackson-dataformat-cbor/2.12.6/jackson-dataformat-cbor-2.12.6.jar:/root/.m2/repository/com/amazonaws/aws-java-sdk-models/1.12.429/aws-java-sdk-models-1.12.429.jar:/root/.m2/repository/com/amazonaws/aws-java-sdk-swf-libraries/1.11.22/aws-java-sdk-swf-libraries-1.11.22.jar:/root/.m2/repository/software/amazon/awssdk/dynamodb/2.20.26/dynamodb-2.20.26.jar:/root/.m2/repository/software/amazon/awssdk/aws-json-protocol/2.20.26/aws-json-protocol-2.20.26.jar:/root/.m2/repository/software/amazon/awssdk/third-party-jackson-core/2.20.26/third-party-jackson-core-2.20.26.jar:/root/.m2/repository/software/amazon/awssdk/protocol-core/2.20.26/protocol-core-2.20.26.jar:/root/.m2/repository/software/amazon/awssdk/profiles/2.20.26/profiles-2.20.26.jar:/root/.m2/repository/software/amazon/awssdk/sdk-core/2.20.26/sdk-core-2.20.26.jar:/root/.m2/repository/org/reactivestreams/reactive-streams/1.0.3/reactive-streams-1.0.3.jar:/root/.m2/repository/software/amazon/awssdk/auth/2.20.26/auth-2.20.26.jar:/root/.m2/repository/software/amazon/eventstream/eventstream/1.0.1/eventstream-1.0.1.jar:/root/.m2/repository/software/amazon/awssdk/http-client-spi/2.20.26/http-client-spi-2.20.26.jar:/root/.m2/repository/software/amazon/awssdk/regions/2.20.26/regions-2.20.26.jar:/root/.m2/repository/software/amazon/awssdk/annotations/2.20.26/annotations-2.20.26.jar:/root/.m2/repository/software/amazon/awssdk/utils/2.20.26/utils-2.20.26.jar:/root/.m2/repository/software/amazon/awssdk/aws-core/2.20.26/aws-core-2.20.26.jar:/root/.m2/repository/software/amazon/awssdk/metrics-spi/2.20.26/metrics-spi-2.20.26.jar:/root/.m2/repository/software/amazon/awssdk/json-utils/2.20.26/json-utils-2.20.26.jar:/root/.m2/repository/software/amazon/awssdk/endpoints-spi/2.20.26/endpoints-spi-2.20.26.jar:/root/.m2/repository/software/amazon/awssdk/apache-client/2.20.26/apache-client-2.20.26.jar:/root/.m2/repository/software/amazon/awssdk/netty-nio-client/2.20.26/netty-nio-client-2.20.26.jar:/root/.m2/repository/io/netty/netty-codec-http2/4.1.86.Final/netty-codec-http2-4.1.86.Final.jar:/root/.m2/repository/io/netty/netty-codec/4.1.86.Final/netty-codec-4.1.86.Final.jar:/root/.m2/repository/io/netty/netty-transport/4.1.86.Final/netty-transport-4.1.86.Final.jar:/root/.m2/repository/io/netty/netty-common/4.1.86.Final/netty-common-4.1.86.Final.jar:/root/.m2/repository/io/netty/netty-buffer/4.1.86.Final/netty-buffer-4.1.86.Final.jar:/root/.m2/repository/io/netty/netty-transport-classes-epoll/4.1.86.Final/netty-transport-classes-epoll-4.1.86.Final.jar:/root/.m2/repository/joda-time/joda-time/2.12.2/joda-time-2.12.2.jar:/root/.m2/repository/com/google/protobuf/protobuf-java/3.21.12/protobuf-java-3.21.12.jar:/root/.m2/repository/com/googlecode/protobuf-java-format/protobuf-java-format/1.4/protobuf-java-format-1.4.jar:/root/.m2/repository/com/google/protobuf/protobuf-java-util/3.22.2/protobuf-java-util-3.22.2.jar:/root/.m2/repository/com/google/guava/guava/31.1-jre/guava-31.1-jre.jar:/root/.m2/repository/org/checkerframework/checker-qual/3.12.0/checker-qual-3.12.0.jar:/root/.m2/repository/javax/inject/javax.inject/1/javax.inject-1.jar:/root/.m2/repository/org/json/json/20210307/json-20210307.jar:/root/.m2/repository/org/apache/tomcat/embed/tomcat-embed-core/9.0.0.M9/tomcat-embed-core-9.0.0.M9.jar:/root/.m2/repository/org/apache/tomcat/embed/tomcat-embed-jasper/9.0.0.M9/tomcat-embed-jasper-9.0.0.M9.jar:/root/.m2/repository/org/eclipse/jdt/core/compiler/ecj/4.5.1/ecj-4.5.1.jar:/root/.m2/repository/com/thetransactioncompany/cors-filter/2.10/cors-filter-2.10.jar:/root/.m2/repository/com/thetransactioncompany/java-property-utils/1.16/java-property-utils-1.16.jar:/root/.m2/repository/org/apache/tomcat/embed/tomcat-embed-el/9.0.0.M9/tomcat-embed-el-9.0.0.M9.jar:/root/.m2/repository/org/jasypt/jasypt/1.9.3/jasypt-1.9.3.jar:/root/.m2/repository/com/google/code/gson/gson/2.10.1/gson-2.10.1.jar:/root/.m2/repository/org/slf4j/slf4j-api/2.0.3/slf4j-api-2.0.3.jar:/root/.m2/repository/com/google/code/findbugs/jsr305/3.0.2/jsr305-3.0.2.jar:/root/.m2/repository/org/apache/commons/commons-text/1.10.0/commons-text-1.10.0.jar:/root/.m2/repository/org/apache/commons/commons-lang3/3.12.0/commons-lang3-3.12.0.jar:/root/.m2/repository/com/google/cloud/google-cloud-bigquery/1.120.0/google-cloud-bigquery-1.120.0.jar:/root/.m2/repository/com/google/cloud/google-cloud-core/1.93.8/google-cloud-core-1.93.8.jar:/root/.m2/repository/com/google/api/grpc/proto-google-common-protos/1.18.1/proto-google-common-protos-1.18.1.jar:/root/.m2/repository/com/google/api/grpc/proto-google-iam-v1/1.0.0/proto-google-iam-v1-1.0.0.jar:/root/.m2/repository/com/google/auth/google-auth-library-credentials/0.21.1/google-auth-library-credentials-0.21.1.jar:/root/.m2/repository/com/google/cloud/google-cloud-core-http/1.93.8/google-cloud-core-http-1.93.8.jar:/root/.m2/repository/com/google/api-client/google-api-client/1.30.10/google-api-client-1.30.10.jar:/root/.m2/repository/com/google/oauth-client/google-oauth-client/1.31.0/google-oauth-client-1.31.0.jar:/root/.m2/repository/com/google/http-client/google-http-client-appengine/1.36.0/google-http-client-appengine-1.36.0.jar:/root/.m2/repository/com/google/api/gax-httpjson/0.75.2/gax-httpjson-0.75.2.jar:/root/.m2/repository/io/opencensus/opencensus-api/0.24.0/opencensus-api-0.24.0.jar:/root/.m2/repository/io/grpc/grpc-context/1.31.1/grpc-context-1.31.1.jar:/root/.m2/repository/io/opencensus/opencensus-contrib-http-util/0.24.0/opencensus-contrib-http-util-0.24.0.jar:/root/.m2/repository/com/google/http-client/google-http-client-jackson2/1.36.0/google-http-client-jackson2-1.36.0.jar:/root/.m2/repository/com/google/http-client/google-http-client/1.36.0/google-http-client-1.36.0.jar:/root/.m2/repository/org/apache/httpcomponents/httpclient/4.5.12/httpclient-4.5.12.jar:/root/.m2/repository/commons-logging/commons-logging/1.2/commons-logging-1.2.jar:/root/.m2/repository/commons-codec/commons-codec/1.11/commons-codec-1.11.jar:/root/.m2/repository/org/apache/httpcomponents/httpcore/4.4.13/httpcore-4.4.13.jar:/root/.m2/repository/com/google/j2objc/j2objc-annotations/1.3/j2objc-annotations-1.3.jar:/root/.m2/repository/org/checkerframework/checker-compat-qual/2.5.5/checker-compat-qual-2.5.5.jar:/root/.m2/repository/com/google/apis/google-api-services-bigquery/v2-rev20200827-1.30.10/google-api-services-bigquery-v2-rev20200827-1.30.10.jar:/root/.m2/repository/com/google/api/api-common/1.10.0/api-common-1.10.0.jar:/root/.m2/repository/javax/annotation/javax.annotation-api/1.3.2/javax.annotation-api-1.3.2.jar:/root/.m2/repository/com/google/guava/failureaccess/1.0.1/failureaccess-1.0.1.jar:/root/.m2/repository/com/google/guava/listenablefuture/9999.0-empty-to-avoid-conflict-with-guava/listenablefuture-9999.0-empty-to-avoid-conflict-with-guava.jar:/root/.m2/repository/com/google/errorprone/error_prone_annotations/2.3.4/error_prone_annotations-2.3.4.jar:/root/.m2/repository/com/google/api/gax/1.58.2/gax-1.58.2.jar:/root/.m2/repository/org/threeten/threetenbp/1.4.4/threetenbp-1.4.4.jar:/root/.m2/repository/com/google/auth/google-auth-library-oauth2-http/1.3.0/google-auth-library-oauth2-http-1.3.0.jar:/root/.m2/repository/com/google/auto/value/auto-value-annotations/1.8.2/auto-value-annotations-1.8.2.jar:/root/.m2/repository/com/google/http-client/google-http-client-gson/1.40.1/google-http-client-gson-1.40.1.jar:/root/.m2/repository/com/fasterxml/jackson/core/jackson-core/2.14.2/jackson-core-2.14.2.jar:/root/.m2/repository/org/apache/maven/plugins/maven-antrun-plugin/3.1.0/maven-antrun-plugin-3.1.0.jar:/root/.m2/repository/org/codehaus/plexus/plexus-utils/3.4.1/plexus-utils-3.4.1.jar:/root/.m2/repository/org/apache/ant/ant/1.10.12/ant-1.10.12.jar:/root/.m2/repository/org/apache/ant/ant-launcher/1.10.12/ant-launcher-1.10.12.jar:"/>
    <property name="java.vm.vendor" value="Debian"/>
    <property name="sun.arch.data.model" value="64"/>
    <property name="java.vendor.url" value="https://tracker.debian.org/openjdk-17"/>
    <property name="os.name" value="Linux"/>
    <property name="java.vm.specification.version" value="17"/>
    <property name="sun.java.launcher" value="SUN_STANDARD"/>
    <property name="user.country" value="US"/>
    <property name="sun.boot.library.path" value="/usr/lib/jvm/java-17-openjdk-amd64/lib"/>
    <property name="sun.java.command" value="/home/tiwaritiwari/Studence/Studence-Server/studence-dynamodb-database/target/surefire/surefirebooter12632185296223113886.jar /home/tiwaritiwari/Studence/Studence-Server/studence-dynamodb-database/target/surefire 2023-04-28T11-45-52_278-jvmRun1 surefire6635387232542250135tmp surefire_19381546200475881851tmp"/>
    <property name="jdk.debug" value="release"/>
    <property name="surefire.test.class.path" value="/home/tiwaritiwari/Studence/Studence-Server/studence-dynamodb-database/target/test-classes:/home/tiwaritiwari/Studence/Studence-Server/studence-dynamodb-database/target/classes:/root/.m2/repository/junit/junit/4.11/junit-4.11.jar:/root/.m2/repository/org/hamcrest/hamcrest-core/1.3/hamcrest-core-1.3.jar:/home/tiwaritiwari/Studence/Studence-Server/studence-util/target/studence-util-0.0.1-SNAPSHOT.jar:/root/.m2/repository/com/google/inject/guice/5.1.0/guice-5.1.0.jar:/root/.m2/repository/aopalliance/aopalliance/1.0/aopalliance-1.0.jar:/root/.m2/repository/com/google/inject/extensions/guice-servlet/5.1.0/guice-servlet-5.1.0.jar:/root/.m2/repository/com/amazonaws/aws-java-sdk/1.12.429/aws-java-sdk-1.12.429.jar:/root/.m2/repository/com/amazonaws/aws-java-sdk-internetmonitor/1.12.429/aws-java-sdk-internetmonitor-1.12.429.jar:/root/.m2/repository/com/amazonaws/jmespath-java/1.12.429/jmespath-java-1.12.429.jar:/root/.m2/repository/com/amazonaws/aws-java-sdk-tnb/1.12.429/aws-java-sdk-tnb-1.12.429.jar:/root/.m2/repository/com/amazonaws/aws-java-sdk-cloudtraildata/1.12.429/aws-java-sdk-cloudtraildata-1.12.429.jar:/root/.m2/repository/com/amazonaws/aws-java-sdk-cleanrooms/1.12.429/aws-java-sdk-cleanrooms-1.12.429.jar:/root/.m2/repository/com/amazonaws/aws-java-sdk-kendraranking/1.12.429/aws-java-sdk-kendraranking-1.12.429.jar:/root/.m2/repository/com/amazonaws/aws-java-sdk-licensemanagerlinuxsubscriptions/1.12.429/aws-java-sdk-licensemanagerlinuxsubscriptions-1.12.429.jar:/root/.m2/repository/com/amazonaws/aws-java-sdk-kinesisvideowebrtcstorage/1.12.429/aws-java-sdk-kinesisvideowebrtcstorage-1.12.429.jar:/root/.m2/repository/com/amazonaws/aws-java-sdk-sagemakermetrics/1.12.429/aws-java-sdk-sagemakermetrics-1.12.429.jar:/root/.m2/repository/com/amazonaws/aws-java-sdk-pipes/1.12.429/aws-java-sdk-pipes-1.12.429.jar:/root/.m2/repository/com/amazonaws/aws-java-sdk-sagemakergeospatial/1.12.429/aws-java-sdk-sagemakergeospatial-1.12.429.jar:/root/.m2/repository/com/amazonaws/aws-java-sdk-docdbelastic/1.12.429/aws-java-sdk-docdbelastic-1.12.429.jar:/root/.m2/repository/com/amazonaws/aws-java-sdk-omics/1.12.429/aws-java-sdk-omics-1.12.429.jar:/root/.m2/repository/com/amazonaws/aws-java-sdk-opensearchserverless/1.12.429/aws-java-sdk-opensearchserverless-1.12.429.jar:/root/.m2/repository/com/amazonaws/aws-java-sdk-securitylake/1.12.429/aws-java-sdk-securitylake-1.12.429.jar:/root/.m2/repository/com/amazonaws/aws-java-sdk-simspaceweaver/1.12.429/aws-java-sdk-simspaceweaver-1.12.429.jar:/root/.m2/repository/com/amazonaws/aws-java-sdk-arczonalshift/1.12.429/aws-java-sdk-arczonalshift-1.12.429.jar:/root/.m2/repository/com/amazonaws/aws-java-sdk-oam/1.12.429/aws-java-sdk-oam-1.12.429.jar:/root/.m2/repository/com/amazonaws/aws-java-sdk-iotroborunner/1.12.429/aws-java-sdk-iotroborunner-1.12.429.jar:/root/.m2/repository/com/amazonaws/aws-java-sdk-chimesdkvoice/1.12.429/aws-java-sdk-chimesdkvoice-1.12.429.jar:/root/.m2/repository/com/amazonaws/aws-java-sdk-ssmsap/1.12.429/aws-java-sdk-ssmsap-1.12.429.jar:/root/.m2/repository/com/amazonaws/aws-java-sdk-scheduler/1.12.429/aws-java-sdk-scheduler-1.12.429.jar:/root/.m2/repository/com/amazonaws/aws-java-sdk-resourceexplorer2/1.12.429/aws-java-sdk-resourceexplorer2-1.12.429.jar:/root/.m2/repository/com/amazonaws/aws-java-sdk-connectcases/1.12.429/aws-java-sdk-connectcases-1.12.429.jar:/root/.m2/repository/com/amazonaws/aws-java-sdk-migrationhuborchestrator/1.12.429/aws-java-sdk-migrationhuborchestrator-1.12.429.jar:/root/.m2/repository/com/amazonaws/aws-java-sdk-iotfleetwise/1.12.429/aws-java-sdk-iotfleetwise-1.12.429.jar:/root/.m2/repository/com/amazonaws/aws-java-sdk-controltower/1.12.429/aws-java-sdk-controltower-1.12.429.jar:/root/.m2/repository/com/amazonaws/aws-java-sdk-supportapp/1.12.429/aws-java-sdk-supportapp-1.12.429.jar:/root/.m2/repository/com/amazonaws/aws-java-sdk-private5g/1.12.429/aws-java-sdk-private5g-1.12.429.jar:/root/.m2/repository/com/amazonaws/aws-java-sdk-backupstorage/1.12.429/aws-java-sdk-backupstorage-1.12.429.jar:/root/.m2/repository/com/amazonaws/aws-java-sdk-licensemanagerusersubscriptions/1.12.429/aws-java-sdk-licensemanagerusersubscriptions-1.12.429.jar:/root/.m2/repository/com/amazonaws/aws-java-sdk-iamrolesanywhere/1.12.429/aws-java-sdk-iamrolesanywhere-1.12.429.jar:/root/.m2/repository/com/amazonaws/aws-java-sdk-redshiftserverless/1.12.429/aws-java-sdk-redshiftserverless-1.12.429.jar:/root/.m2/repository/com/amazonaws/aws-java-sdk-connectcampaign/1.12.429/aws-java-sdk-connectcampaign-1.12.429.jar:/root/.m2/repository/com/amazonaws/aws-java-sdk-mainframemodernization/1.12.429/aws-java-sdk-mainframemodernization-1.12.429.jar:/root/.m2/repository/com/amazonaws/aws-java-sdk-emrserverless/1.12.429/aws-java-sdk-emrserverless-1.12.429.jar:/root/.m2/repository/com/amazonaws/aws-java-sdk-chimesdkmediapipelines/1.12.429/aws-java-sdk-chimesdkmediapipelines-1.12.429.jar:/root/.m2/repository/com/amazonaws/aws-java-sdk-ivschat/1.12.429/aws-java-sdk-ivschat-1.12.429.jar:/root/.m2/repository/com/amazonaws/aws-java-sdk-pinpointsmsvoicev2/1.12.429/aws-java-sdk-pinpointsmsvoicev2-1.12.429.jar:/root/.m2/repository/com/amazonaws/aws-java-sdk-gamesparks/1.12.429/aws-java-sdk-gamesparks-1.12.429.jar:/root/.m2/repository/com/amazonaws/aws-java-sdk-billingconductor/1.12.429/aws-java-sdk-billingconductor-1.12.429.jar:/root/.m2/repository/com/amazonaws/aws-java-sdk-keyspaces/1.12.429/aws-java-sdk-keyspaces-1.12.429.jar:/root/.m2/repository/com/amazonaws/aws-java-sdk-amplifyuibuilder/1.12.429/aws-java-sdk-amplifyuibuilder-1.12.429.jar:/root/.m2/repository/com/amazonaws/aws-java-sdk-backupgateway/1.12.429/aws-java-sdk-backupgateway-1.12.429.jar:/root/.m2/repository/com/amazonaws/aws-java-sdk-workspacesweb/1.12.429/aws-java-sdk-workspacesweb-1.12.429.jar:/root/.m2/repository/com/amazonaws/aws-java-sdk-iottwinmaker/1.12.429/aws-java-sdk-iottwinmaker-1.12.429.jar:/root/.m2/repository/com/amazonaws/aws-java-sdk-recyclebin/1.12.429/aws-java-sdk-recyclebin-1.12.429.jar:/root/.m2/repository/com/amazonaws/aws-java-sdk-cloudwatchrum/1.12.429/aws-java-sdk-cloudwatchrum-1.12.429.jar:/root/.m2/repository/com/amazonaws/aws-java-sdk-cloudwatchevidently/1.12.429/aws-java-sdk-cloudwatchevidently-1.12.429.jar:/root/.m2/repository/com/amazonaws/aws-java-sdk-inspector2/1.12.429/aws-java-sdk-inspector2-1.12.429.jar:/root/.m2/repository/com/amazonaws/aws-java-sdk-migrationhubrefactorspaces/1.12.429/aws-java-sdk-migrationhubrefactorspaces-1.12.429.jar:/root/.m2/repository/com/amazonaws/aws-java-sdk-appconfigdata/1.12.429/aws-java-sdk-appconfigdata-1.12.429.jar:/root/.m2/repository/com/amazonaws/aws-java-sdk-drs/1.12.429/aws-java-sdk-drs-1.12.429.jar:/root/.m2/repository/com/amazonaws/aws-java-sdk-migrationhubstrategyrecommendations/1.12.429/aws-java-sdk-migrationhubstrategyrecommendations-1.12.429.jar:/root/.m2/repository/com/amazonaws/aws-java-sdk-resiliencehub/1.12.429/aws-java-sdk-resiliencehub-1.12.429.jar:/root/.m2/repository/com/amazonaws/aws-java-sdk-chimesdkmeetings/1.12.429/aws-java-sdk-chimesdkmeetings-1.12.429.jar:/root/.m2/repository/com/amazonaws/aws-java-sdk-panorama/1.12.429/aws-java-sdk-panorama-1.12.429.jar:/root/.m2/repository/com/amazonaws/aws-java-sdk-managedgrafana/1.12.429/aws-java-sdk-managedgrafana-1.12.429.jar:/root/.m2/repository/com/amazonaws/aws-java-sdk-cloudcontrolapi/1.12.429/aws-java-sdk-cloudcontrolapi-1.12.429.jar:/root/.m2/repository/com/amazonaws/aws-java-sdk-account/1.12.429/aws-java-sdk-account-1.12.429.jar:/root/.m2/repository/com/amazonaws/aws-java-sdk-voiceid/1.12.429/aws-java-sdk-voiceid-1.12.429.jar:/root/.m2/repository/com/amazonaws/aws-java-sdk-connectwisdom/1.12.429/aws-java-sdk-connectwisdom-1.12.429.jar:/root/.m2/repository/com/amazonaws/aws-java-sdk-kafkaconnect/1.12.429/aws-java-sdk-kafkaconnect-1.12.429.jar:/root/.m2/repository/com/amazonaws/aws-java-sdk-opensearch/1.12.429/aws-java-sdk-opensearch-1.12.429.jar:/root/.m2/repository/com/amazonaws/aws-java-sdk-memorydb/1.12.429/aws-java-sdk-memorydb-1.12.429.jar:/root/.m2/repository/com/amazonaws/aws-java-sdk-snowdevicemanagement/1.12.429/aws-java-sdk-snowdevicemanagement-1.12.429.jar:/root/.m2/repository/com/amazonaws/aws-java-sdk-chimesdkidentity/1.12.429/aws-java-sdk-chimesdkidentity-1.12.429.jar:/root/.m2/repository/com/amazonaws/aws-java-sdk-chimesdkmessaging/1.12.429/aws-java-sdk-chimesdkmessaging-1.12.429.jar:/root/.m2/repository/com/amazonaws/aws-java-sdk-route53recoverycluster/1.12.429/aws-java-sdk-route53recoverycluster-1.12.429.jar:/root/.m2/repository/com/amazonaws/aws-java-sdk-route53recoverycontrolconfig/1.12.429/aws-java-sdk-route53recoverycontrolconfig-1.12.429.jar:/root/.m2/repository/com/amazonaws/aws-java-sdk-route53recoveryreadiness/1.12.429/aws-java-sdk-route53recoveryreadiness-1.12.429.jar:/root/.m2/repository/com/amazonaws/aws-java-sdk-proton/1.12.429/aws-java-sdk-proton-1.12.429.jar:/root/.m2/repository/com/amazonaws/aws-java-sdk-apprunner/1.12.429/aws-java-sdk-apprunner-1.12.429.jar:/root/.m2/repository/com/amazonaws/aws-java-sdk-applicationcostprofiler/1.12.429/aws-java-sdk-applicationcostprofiler-1.12.429.jar:/root/.m2/repository/com/amazonaws/aws-java-sdk-ssmcontacts/1.12.429/aws-java-sdk-ssmcontacts-1.12.429.jar:/root/.m2/repository/com/amazonaws/aws-java-sdk-ssmincidents/1.12.429/aws-java-sdk-ssmincidents-1.12.429.jar:/root/.m2/repository/com/amazonaws/aws-java-sdk-finspacedata/1.12.429/aws-java-sdk-finspacedata-1.12.429.jar:/root/.m2/repository/com/amazonaws/aws-java-sdk-finspace/1.12.429/aws-java-sdk-finspace-1.12.429.jar:/root/.m2/repository/com/amazonaws/aws-java-sdk-nimblestudio/1.12.429/aws-java-sdk-nimblestudio-1.12.429.jar:/root/.m2/repository/com/amazonaws/aws-java-sdk-lookoutequipment/1.12.429/aws-java-sdk-lookoutequipment-1.12.429.jar:/root/.m2/repository/com/amazonaws/aws-java-sdk-mgn/1.12.429/aws-java-sdk-mgn-1.12.429.jar:/root/.m2/repository/com/amazonaws/aws-java-sdk-lookoutmetrics/1.12.429/aws-java-sdk-lookoutmetrics-1.12.429.jar:/root/.m2/repository/com/amazonaws/aws-java-sdk-fis/1.12.429/aws-java-sdk-fis-1.12.429.jar:/root/.m2/repository/com/amazonaws/aws-java-sdk-lexmodelsv2/1.12.429/aws-java-sdk-lexmodelsv2-1.12.429.jar:/root/.m2/repository/com/amazonaws/aws-java-sdk-lexruntimev2/1.12.429/aws-java-sdk-lexruntimev2-1.12.429.jar:/root/.m2/repository/com/amazonaws/aws-java-sdk-wellarchitected/1.12.429/aws-java-sdk-wellarchitected-1.12.429.jar:/root/.m2/repository/com/amazonaws/aws-java-sdk-location/1.12.429/aws-java-sdk-location-1.12.429.jar:/root/.m2/repository/com/amazonaws/aws-java-sdk-iotdeviceadvisor/1.12.429/aws-java-sdk-iotdeviceadvisor-1.12.429.jar:/root/.m2/repository/com/amazonaws/aws-java-sdk-iotfleethub/1.12.429/aws-java-sdk-iotfleethub-1.12.429.jar:/root/.m2/repository/com/amazonaws/aws-java-sdk-iotwireless/1.12.429/aws-java-sdk-iotwireless-1.12.429.jar:/root/.m2/repository/com/amazonaws/aws-java-sdk-greengrassv2/1.12.429/aws-java-sdk-greengrassv2-1.12.429.jar:/root/.m2/repository/com/amazonaws/aws-java-sdk-prometheus/1.12.429/aws-java-sdk-prometheus-1.12.429.jar:/root/.m2/repository/com/amazonaws/aws-java-sdk-auditmanager/1.12.429/aws-java-sdk-auditmanager-1.12.429.jar:/root/.m2/repository/com/amazonaws/aws-java-sdk-healthlake/1.12.429/aws-java-sdk-healthlake-1.12.429.jar:/root/.m2/repository/com/amazonaws/aws-java-sdk-sagemakeredgemanager/1.12.429/aws-java-sdk-sagemakeredgemanager-1.12.429.jar:/root/.m2/repository/com/amazonaws/aws-java-sdk-emrcontainers/1.12.429/aws-java-sdk-emrcontainers-1.12.429.jar:/root/.m2/repository/com/amazonaws/aws-java-sdk-customerprofiles/1.12.429/aws-java-sdk-customerprofiles-1.12.429.jar:/root/.m2/repository/com/amazonaws/aws-java-sdk-lookoutforvision/1.12.429/aws-java-sdk-lookoutforvision-1.12.429.jar:/root/.m2/repository/com/amazonaws/aws-java-sdk-connectcontactlens/1.12.429/aws-java-sdk-connectcontactlens-1.12.429.jar:/root/.m2/repository/com/amazonaws/aws-java-sdk-amplifybackend/1.12.429/aws-java-sdk-amplifybackend-1.12.429.jar:/root/.m2/repository/com/amazonaws/aws-java-sdk-ecrpublic/1.12.429/aws-java-sdk-ecrpublic-1.12.429.jar:/root/.m2/repository/com/amazonaws/aws-java-sdk-appintegrations/1.12.429/aws-java-sdk-appintegrations-1.12.429.jar:/root/.m2/repository/com/amazonaws/aws-java-sdk-sagemakerfeaturestoreruntime/1.12.429/aws-java-sdk-sagemakerfeaturestoreruntime-1.12.429.jar:/root/.m2/repository/com/amazonaws/aws-java-sdk-devopsguru/1.12.429/aws-java-sdk-devopsguru-1.12.429.jar:/root/.m2/repository/com/amazonaws/aws-java-sdk-mwaa/1.12.429/aws-java-sdk-mwaa-1.12.429.jar:/root/.m2/repository/com/amazonaws/aws-java-sdk-networkfirewall/1.12.429/aws-java-sdk-networkfirewall-1.12.429.jar:/root/.m2/repository/com/amazonaws/aws-java-sdk-appregistry/1.12.429/aws-java-sdk-appregistry-1.12.429.jar:/root/.m2/repository/com/amazonaws/aws-java-sdk-gluedatabrew/1.12.429/aws-java-sdk-gluedatabrew-1.12.429.jar:/root/.m2/repository/com/amazonaws/aws-java-sdk-s3outposts/1.12.429/aws-java-sdk-s3outposts-1.12.429.jar:/root/.m2/repository/com/amazonaws/aws-java-sdk-timestreamquery/1.12.429/aws-java-sdk-timestreamquery-1.12.429.jar:/root/.m2/repository/com/amazonaws/aws-java-sdk-timestreamwrite/1.12.429/aws-java-sdk-timestreamwrite-1.12.429.jar:/root/.m2/repository/com/amazonaws/aws-java-sdk-ssoadmin/1.12.429/aws-java-sdk-ssoadmin-1.12.429.jar:/root/.m2/repository/com/amazonaws/aws-java-sdk-redshiftdataapi/1.12.429/aws-java-sdk-redshiftdataapi-1.12.429.jar:/root/.m2/repository/com/amazonaws/aws-java-sdk-appflow/1.12.429/aws-java-sdk-appflow-1.12.429.jar:/root/.m2/repository/com/amazonaws/aws-java-sdk-identitystore/1.12.429/aws-java-sdk-identitystore-1.12.429.jar:/root/.m2/repository/com/amazonaws/aws-java-sdk-braket/1.12.429/aws-java-sdk-braket-1.12.429.jar:/root/.m2/repository/com/amazonaws/aws-java-sdk-ivs/1.12.429/aws-java-sdk-ivs-1.12.429.jar:/root/.m2/repository/com/amazonaws/aws-java-sdk-honeycode/1.12.429/aws-java-sdk-honeycode-1.12.429.jar:/root/.m2/repository/com/amazonaws/aws-java-sdk-codeartifact/1.12.429/aws-java-sdk-codeartifact-1.12.429.jar:/root/.m2/repository/com/amazonaws/aws-java-sdk-macie2/1.12.429/aws-java-sdk-macie2-1.12.429.jar:/root/.m2/repository/com/amazonaws/aws-java-sdk-iotsitewise/1.12.429/aws-java-sdk-iotsitewise-1.12.429.jar:/root/.m2/repository/com/amazonaws/aws-java-sdk-synthetics/1.12.429/aws-java-sdk-synthetics-1.12.429.jar:/root/.m2/repository/com/amazonaws/aws-java-sdk-codestarconnections/1.12.429/aws-java-sdk-codestarconnections-1.12.429.jar:/root/.m2/repository/com/amazonaws/aws-java-sdk-detective/1.12.429/aws-java-sdk-detective-1.12.429.jar:/root/.m2/repository/com/amazonaws/aws-java-sdk-kinesisvideosignalingchannels/1.12.429/aws-java-sdk-kinesisvideosignalingchannels-1.12.429.jar:/root/.m2/repository/com/amazonaws/aws-java-sdk-ebs/1.12.429/aws-java-sdk-ebs-1.12.429.jar:/root/.m2/repository/com/amazonaws/aws-java-sdk-augmentedairuntime/1.12.429/aws-java-sdk-augmentedairuntime-1.12.429.jar:/root/.m2/repository/com/amazonaws/aws-java-sdk-outposts/1.12.429/aws-java-sdk-outposts-1.12.429.jar:/root/.m2/repository/com/amazonaws/aws-java-sdk-codeguruprofiler/1.12.429/aws-java-sdk-codeguruprofiler-1.12.429.jar:/root/.m2/repository/com/amazonaws/aws-java-sdk-codegurureviewer/1.12.429/aws-java-sdk-codegurureviewer-1.12.429.jar:/root/.m2/repository/com/amazonaws/aws-java-sdk-frauddetector/1.12.429/aws-java-sdk-frauddetector-1.12.429.jar:/root/.m2/repository/com/amazonaws/aws-java-sdk-kendra/1.12.429/aws-java-sdk-kendra-1.12.429.jar:/root/.m2/repository/com/amazonaws/aws-java-sdk-networkmanager/1.12.429/aws-java-sdk-networkmanager-1.12.429.jar:/root/.m2/repository/com/amazonaws/aws-java-sdk-computeoptimizer/1.12.429/aws-java-sdk-computeoptimizer-1.12.429.jar:/root/.m2/repository/com/amazonaws/aws-java-sdk-accessanalyzer/1.12.429/aws-java-sdk-accessanalyzer-1.12.429.jar:/root/.m2/repository/com/amazonaws/aws-java-sdk-schemas/1.12.429/aws-java-sdk-schemas-1.12.429.jar:/root/.m2/repository/com/amazonaws/aws-java-sdk-imagebuilder/1.12.429/aws-java-sdk-imagebuilder-1.12.429.jar:/root/.m2/repository/com/amazonaws/aws-java-sdk-elasticinference/1.12.429/aws-java-sdk-elasticinference-1.12.429.jar:/root/.m2/repository/com/amazonaws/aws-java-sdk-iotsecuretunneling/1.12.429/aws-java-sdk-iotsecuretunneling-1.12.429.jar:/root/.m2/repository/com/amazonaws/aws-java-sdk-appconfig/1.12.429/aws-java-sdk-appconfig-1.12.429.jar:/root/.m2/repository/com/amazonaws/aws-java-sdk-wafv2/1.12.429/aws-java-sdk-wafv2-1.12.429.jar:/root/.m2/repository/com/amazonaws/aws-java-sdk-connectparticipant/1.12.429/aws-java-sdk-connectparticipant-1.12.429.jar:/root/.m2/repository/com/amazonaws/aws-java-sdk-migrationhubconfig/1.12.429/aws-java-sdk-migrationhubconfig-1.12.429.jar:/root/.m2/repository/com/amazonaws/aws-java-sdk-dataexchange/1.12.429/aws-java-sdk-dataexchange-1.12.429.jar:/root/.m2/repository/com/amazonaws/aws-java-sdk-sesv2/1.12.429/aws-java-sdk-sesv2-1.12.429.jar:/root/.m2/repository/com/amazonaws/aws-java-sdk-marketplacecatalog/1.12.429/aws-java-sdk-marketplacecatalog-1.12.429.jar:/root/.m2/repository/com/amazonaws/aws-java-sdk-ssooidc/1.12.429/aws-java-sdk-ssooidc-1.12.429.jar:/root/.m2/repository/com/amazonaws/aws-java-sdk-sso/1.12.429/aws-java-sdk-sso-1.12.429.jar:/root/.m2/repository/com/amazonaws/aws-java-sdk-savingsplans/1.12.429/aws-java-sdk-savingsplans-1.12.429.jar:/root/.m2/repository/com/amazonaws/aws-java-sdk-codestarnotifications/1.12.429/aws-java-sdk-codestarnotifications-1.12.429.jar:/root/.m2/repository/com/amazonaws/aws-java-sdk-workmailmessageflow/1.12.429/aws-java-sdk-workmailmessageflow-1.12.429.jar:/root/.m2/repository/com/amazonaws/aws-java-sdk-qldbsession/1.12.429/aws-java-sdk-qldbsession-1.12.429.jar:/root/.m2/repository/com/amazonaws/aws-java-sdk-qldb/1.12.429/aws-java-sdk-qldb-1.12.429.jar:/root/.m2/repository/com/amazonaws/aws-java-sdk-forecastquery/1.12.429/aws-java-sdk-forecastquery-1.12.429.jar:/root/.m2/repository/com/amazonaws/aws-java-sdk-forecast/1.12.429/aws-java-sdk-forecast-1.12.429.jar:/root/.m2/repository/com/amazonaws/aws-java-sdk-lakeformation/1.12.429/aws-java-sdk-lakeformation-1.12.429.jar:/root/.m2/repository/com/amazonaws/aws-java-sdk-eventbridge/1.12.429/aws-java-sdk-eventbridge-1.12.429.jar:/root/.m2/repository/com/amazonaws/aws-java-sdk-ec2instanceconnect/1.12.429/aws-java-sdk-ec2instanceconnect-1.12.429.jar:/root/.m2/repository/com/amazonaws/aws-java-sdk-applicationinsights/1.12.429/aws-java-sdk-applicationinsights-1.12.429.jar:/root/.m2/repository/com/amazonaws/aws-java-sdk-servicequotas/1.12.429/aws-java-sdk-servicequotas-1.12.429.jar:/root/.m2/repository/com/amazonaws/aws-java-sdk-personalizeevents/1.12.429/aws-java-sdk-personalizeevents-1.12.429.jar:/root/.m2/repository/com/amazonaws/aws-java-sdk-personalize/1.12.429/aws-java-sdk-personalize-1.12.429.jar:/root/.m2/repository/com/amazonaws/aws-java-sdk-personalizeruntime/1.12.429/aws-java-sdk-personalizeruntime-1.12.429.jar:/root/.m2/repository/com/amazonaws/aws-java-sdk-ioteventsdata/1.12.429/aws-java-sdk-ioteventsdata-1.12.429.jar:/root/.m2/repository/com/amazonaws/aws-java-sdk-iotevents/1.12.429/aws-java-sdk-iotevents-1.12.429.jar:/root/.m2/repository/com/amazonaws/aws-java-sdk-iotthingsgraph/1.12.429/aws-java-sdk-iotthingsgraph-1.12.429.jar:/root/.m2/repository/com/amazonaws/aws-java-sdk-groundstation/1.12.429/aws-java-sdk-groundstation-1.12.429.jar:/root/.m2/repository/com/amazonaws/aws-java-sdk-mediapackagevod/1.12.429/aws-java-sdk-mediapackagevod-1.12.429.jar:/root/.m2/repository/com/amazonaws/aws-java-sdk-managedblockchain/1.12.429/aws-java-sdk-managedblockchain-1.12.429.jar:/root/.m2/repository/com/amazonaws/aws-java-sdk-textract/1.12.429/aws-java-sdk-textract-1.12.429.jar:/root/.m2/repository/com/amazonaws/aws-java-sdk-worklink/1.12.429/aws-java-sdk-worklink-1.12.429.jar:/root/.m2/repository/com/amazonaws/aws-java-sdk-backup/1.12.429/aws-java-sdk-backup-1.12.429.jar:/root/.m2/repository/com/amazonaws/aws-java-sdk-docdb/1.12.429/aws-java-sdk-docdb-1.12.429.jar:/root/.m2/repository/com/amazonaws/aws-java-sdk-apigatewayv2/1.12.429/aws-java-sdk-apigatewayv2-1.12.429.jar:/root/.m2/repository/com/amazonaws/aws-java-sdk-apigatewaymanagementapi/1.12.429/aws-java-sdk-apigatewaymanagementapi-1.12.429.jar:/root/.m2/repository/com/amazonaws/aws-java-sdk-kafka/1.12.429/aws-java-sdk-kafka-1.12.429.jar:/root/.m2/repository/com/amazonaws/aws-java-sdk-appmesh/1.12.429/aws-java-sdk-appmesh-1.12.429.jar:/root/.m2/repository/com/amazonaws/aws-java-sdk-licensemanager/1.12.429/aws-java-sdk-licensemanager-1.12.429.jar:/root/.m2/repository/com/amazonaws/aws-java-sdk-securityhub/1.12.429/aws-java-sdk-securityhub-1.12.429.jar:/root/.m2/repository/com/amazonaws/aws-java-sdk-fsx/1.12.429/aws-java-sdk-fsx-1.12.429.jar:/root/.m2/repository/com/amazonaws/aws-java-sdk-mediaconnect/1.12.429/aws-java-sdk-mediaconnect-1.12.429.jar:/root/.m2/repository/com/amazonaws/aws-java-sdk-kinesisanalyticsv2/1.12.429/aws-java-sdk-kinesisanalyticsv2-1.12.429.jar:/root/.m2/repository/com/amazonaws/aws-java-sdk-comprehendmedical/1.12.429/aws-java-sdk-comprehendmedical-1.12.429.jar:/root/.m2/repository/com/amazonaws/aws-java-sdk-globalaccelerator/1.12.429/aws-java-sdk-globalaccelerator-1.12.429.jar:/root/.m2/repository/com/amazonaws/aws-java-sdk-transfer/1.12.429/aws-java-sdk-transfer-1.12.429.jar:/root/.m2/repository/com/amazonaws/aws-java-sdk-datasync/1.12.429/aws-java-sdk-datasync-1.12.429.jar:/root/.m2/repository/com/amazonaws/aws-java-sdk-robomaker/1.12.429/aws-java-sdk-robomaker-1.12.429.jar:/root/.m2/repository/com/amazonaws/aws-java-sdk-amplify/1.12.429/aws-java-sdk-amplify-1.12.429.jar:/root/.m2/repository/com/amazonaws/aws-java-sdk-quicksight/1.12.429/aws-java-sdk-quicksight-1.12.429.jar:/root/.m2/repository/com/amazonaws/aws-java-sdk-rdsdata/1.12.429/aws-java-sdk-rdsdata-1.12.429.jar:/root/.m2/repository/com/amazonaws/aws-java-sdk-route53resolver/1.12.429/aws-java-sdk-route53resolver-1.12.429.jar:/root/.m2/repository/com/amazonaws/aws-java-sdk-ram/1.12.429/aws-java-sdk-ram-1.12.429.jar:/root/.m2/repository/com/amazonaws/aws-java-sdk-s3control/1.12.429/aws-java-sdk-s3control-1.12.429.jar:/root/.m2/repository/com/amazonaws/aws-java-sdk-pinpointsmsvoice/1.12.429/aws-java-sdk-pinpointsmsvoice-1.12.429.jar:/root/.m2/repository/com/amazonaws/aws-java-sdk-pinpointemail/1.12.429/aws-java-sdk-pinpointemail-1.12.429.jar:/root/.m2/repository/com/amazonaws/aws-java-sdk-chime/1.12.429/aws-java-sdk-chime-1.12.429.jar:/root/.m2/repository/com/amazonaws/aws-java-sdk-signer/1.12.429/aws-java-sdk-signer-1.12.429.jar:/root/.m2/repository/com/amazonaws/aws-java-sdk-dlm/1.12.429/aws-java-sdk-dlm-1.12.429.jar:/root/.m2/repository/com/amazonaws/aws-java-sdk-macie/1.12.429/aws-java-sdk-macie-1.12.429.jar:/root/.m2/repository/com/amazonaws/aws-java-sdk-eks/1.12.429/aws-java-sdk-eks-1.12.429.jar:/root/.m2/repository/com/amazonaws/aws-java-sdk-mediatailor/1.12.429/aws-java-sdk-mediatailor-1.12.429.jar:/root/.m2/repository/com/amazonaws/aws-java-sdk-neptune/1.12.429/aws-java-sdk-neptune-1.12.429.jar:/root/.m2/repository/com/amazonaws/aws-java-sdk-pi/1.12.429/aws-java-sdk-pi-1.12.429.jar:/root/.m2/repository/com/amazonaws/aws-java-sdk-iot1clickprojects/1.12.429/aws-java-sdk-iot1clickprojects-1.12.429.jar:/root/.m2/repository/com/amazonaws/aws-java-sdk-iot1clickdevices/1.12.429/aws-java-sdk-iot1clickdevices-1.12.429.jar:/root/.m2/repository/com/amazonaws/aws-java-sdk-iotanalytics/1.12.429/aws-java-sdk-iotanalytics-1.12.429.jar:/root/.m2/repository/com/amazonaws/aws-java-sdk-acmpca/1.12.429/aws-java-sdk-acmpca-1.12.429.jar:/root/.m2/repository/com/amazonaws/aws-java-sdk-secretsmanager/1.12.429/aws-java-sdk-secretsmanager-1.12.429.jar:/root/.m2/repository/com/amazonaws/aws-java-sdk-fms/1.12.429/aws-java-sdk-fms-1.12.429.jar:/root/.m2/repository/com/amazonaws/aws-java-sdk-connect/1.12.429/aws-java-sdk-connect-1.12.429.jar:/root/.m2/repository/com/amazonaws/aws-java-sdk-transcribe/1.12.429/aws-java-sdk-transcribe-1.12.429.jar:/root/.m2/repository/com/amazonaws/aws-java-sdk-autoscalingplans/1.12.429/aws-java-sdk-autoscalingplans-1.12.429.jar:/root/.m2/repository/com/amazonaws/aws-java-sdk-workmail/1.12.429/aws-java-sdk-workmail-1.12.429.jar:/root/.m2/repository/com/amazonaws/aws-java-sdk-servicediscovery/1.12.429/aws-java-sdk-servicediscovery-1.12.429.jar:/root/.m2/repository/com/amazonaws/aws-java-sdk-cloud9/1.12.429/aws-java-sdk-cloud9-1.12.429.jar:/root/.m2/repository/com/amazonaws/aws-java-sdk-serverlessapplicationrepository/1.12.429/aws-java-sdk-serverlessapplicationrepository-1.12.429.jar:/root/.m2/repository/com/amazonaws/aws-java-sdk-alexaforbusiness/1.12.429/aws-java-sdk-alexaforbusiness-1.12.429.jar:/root/.m2/repository/com/amazonaws/aws-java-sdk-resourcegroups/1.12.429/aws-java-sdk-resourcegroups-1.12.429.jar:/root/.m2/repository/com/amazonaws/aws-java-sdk-comprehend/1.12.429/aws-java-sdk-comprehend-1.12.429.jar:/root/.m2/repository/com/amazonaws/aws-java-sdk-translate/1.12.429/aws-java-sdk-translate-1.12.429.jar:/root/.m2/repository/com/amazonaws/aws-java-sdk-sagemaker/1.12.429/aws-java-sdk-sagemaker-1.12.429.jar:/root/.m2/repository/com/amazonaws/aws-java-sdk-iotjobsdataplane/1.12.429/aws-java-sdk-iotjobsdataplane-1.12.429.jar:/root/.m2/repository/com/amazonaws/aws-java-sdk-sagemakerruntime/1.12.429/aws-java-sdk-sagemakerruntime-1.12.429.jar:/root/.m2/repository/com/amazonaws/aws-java-sdk-kinesisvideo/1.12.429/aws-java-sdk-kinesisvideo-1.12.429.jar:/root/.m2/repository/io/netty/netty-codec-http/4.1.86.Final/netty-codec-http-4.1.86.Final.jar:/root/.m2/repository/io/netty/netty-handler/4.1.86.Final/netty-handler-4.1.86.Final.jar:/root/.m2/repository/io/netty/netty-resolver/4.1.86.Final/netty-resolver-4.1.86.Final.jar:/root/.m2/repository/io/netty/netty-transport-native-unix-common/4.1.86.Final/netty-transport-native-unix-common-4.1.86.Final.jar:/root/.m2/repository/com/amazonaws/aws-java-sdk-appsync/1.12.429/aws-java-sdk-appsync-1.12.429.jar:/root/.m2/repository/com/amazonaws/aws-java-sdk-guardduty/1.12.429/aws-java-sdk-guardduty-1.12.429.jar:/root/.m2/repository/com/amazonaws/aws-java-sdk-mq/1.12.429/aws-java-sdk-mq-1.12.429.jar:/root/.m2/repository/com/amazonaws/aws-java-sdk-mediaconvert/1.12.429/aws-java-sdk-mediaconvert-1.12.429.jar:/root/.m2/repository/com/amazonaws/aws-java-sdk-mediastore/1.12.429/aws-java-sdk-mediastore-1.12.429.jar:/root/.m2/repository/com/amazonaws/aws-java-sdk-mediastoredata/1.12.429/aws-java-sdk-mediastoredata-1.12.429.jar:/root/.m2/repository/com/amazonaws/aws-java-sdk-medialive/1.12.429/aws-java-sdk-medialive-1.12.429.jar:/root/.m2/repository/com/amazonaws/aws-java-sdk-mediapackage/1.12.429/aws-java-sdk-mediapackage-1.12.429.jar:/root/.m2/repository/com/amazonaws/aws-java-sdk-costexplorer/1.12.429/aws-java-sdk-costexplorer-1.12.429.jar:/root/.m2/repository/com/amazonaws/aws-java-sdk-pricing/1.12.429/aws-java-sdk-pricing-1.12.429.jar:/root/.m2/repository/com/amazonaws/aws-java-sdk-mobile/1.12.429/aws-java-sdk-mobile-1.12.429.jar:/root/.m2/repository/com/amazonaws/aws-java-sdk-cloudhsmv2/1.12.429/aws-java-sdk-cloudhsmv2-1.12.429.jar:/root/.m2/repository/com/amazonaws/aws-java-sdk-glue/1.12.429/aws-java-sdk-glue-1.12.429.jar:/root/.m2/repository/com/amazonaws/aws-java-sdk-migrationhub/1.12.429/aws-java-sdk-migrationhub-1.12.429.jar:/root/.m2/repository/com/amazonaws/aws-java-sdk-dax/1.12.429/aws-java-sdk-dax-1.12.429.jar:/root/.m2/repository/com/amazonaws/aws-java-sdk-greengrass/1.12.429/aws-java-sdk-greengrass-1.12.429.jar:/root/.m2/repository/com/amazonaws/aws-java-sdk-athena/1.12.429/aws-java-sdk-athena-1.12.429.jar:/root/.m2/repository/com/amazonaws/aws-java-sdk-marketplaceentitlement/1.12.429/aws-java-sdk-marketplaceentitlement-1.12.429.jar:/root/.m2/repository/com/amazonaws/aws-java-sdk-codestar/1.12.429/aws-java-sdk-codestar-1.12.429.jar:/root/.m2/repository/com/amazonaws/aws-java-sdk-lexmodelbuilding/1.12.429/aws-java-sdk-lexmodelbuilding-1.12.429.jar:/root/.m2/repository/com/amazonaws/aws-java-sdk-resourcegroupstaggingapi/1.12.429/aws-java-sdk-resourcegroupstaggingapi-1.12.429.jar:/root/.m2/repository/com/amazonaws/aws-java-sdk-pinpoint/1.12.429/aws-java-sdk-pinpoint-1.12.429.jar:/root/.m2/repository/com/amazonaws/aws-java-sdk-xray/1.12.429/aws-java-sdk-xray-1.12.429.jar:/root/.m2/repository/com/amazonaws/aws-java-sdk-opsworkscm/1.12.429/aws-java-sdk-opsworkscm-1.12.429.jar:/root/.m2/repository/com/amazonaws/aws-java-sdk-support/1.12.429/aws-java-sdk-support-1.12.429.jar:/root/.m2/repository/com/amazonaws/aws-java-sdk-simpledb/1.12.429/aws-java-sdk-simpledb-1.12.429.jar:/root/.m2/repository/com/amazonaws/aws-java-sdk-servicecatalog/1.12.429/aws-java-sdk-servicecatalog-1.12.429.jar:/root/.m2/repository/com/amazonaws/aws-java-sdk-servermigration/1.12.429/aws-java-sdk-servermigration-1.12.429.jar:/root/.m2/repository/com/amazonaws/aws-java-sdk-simpleworkflow/1.12.429/aws-java-sdk-simpleworkflow-1.12.429.jar:/root/.m2/repository/com/amazonaws/aws-java-sdk-storagegateway/1.12.429/aws-java-sdk-storagegateway-1.12.429.jar:/root/.m2/repository/com/amazonaws/aws-java-sdk-route53/1.12.429/aws-java-sdk-route53-1.12.429.jar:/root/.m2/repository/com/amazonaws/aws-java-sdk-s3/1.12.429/aws-java-sdk-s3-1.12.429.jar:/root/.m2/repository/com/amazonaws/aws-java-sdk-importexport/1.12.429/aws-java-sdk-importexport-1.12.429.jar:/root/.m2/repository/com/amazonaws/aws-java-sdk-sts/1.12.429/aws-java-sdk-sts-1.12.429.jar:/root/.m2/repository/com/amazonaws/aws-java-sdk-sqs/1.12.429/aws-java-sdk-sqs-1.12.429.jar:/root/.m2/repository/com/amazonaws/aws-java-sdk-rds/1.12.429/aws-java-sdk-rds-1.12.429.jar:/root/.m2/repository/com/amazonaws/aws-java-sdk-redshift/1.12.429/aws-java-sdk-redshift-1.12.429.jar:/root/.m2/repository/com/amazonaws/aws-java-sdk-elasticbeanstalk/1.12.429/aws-java-sdk-elasticbeanstalk-1.12.429.jar:/root/.m2/repository/com/amazonaws/aws-java-sdk-glacier/1.12.429/aws-java-sdk-glacier-1.12.429.jar:/root/.m2/repository/com/amazonaws/aws-java-sdk-iam/1.12.429/aws-java-sdk-iam-1.12.429.jar:/root/.m2/repository/com/amazonaws/aws-java-sdk-datapipeline/1.12.429/aws-java-sdk-datapipeline-1.12.429.jar:/root/.m2/repository/com/amazonaws/aws-java-sdk-elasticloadbalancing/1.12.429/aws-java-sdk-elasticloadbalancing-1.12.429.jar:/root/.m2/repository/com/amazonaws/aws-java-sdk-elasticloadbalancingv2/1.12.429/aws-java-sdk-elasticloadbalancingv2-1.12.429.jar:/root/.m2/repository/com/amazonaws/aws-java-sdk-emr/1.12.429/aws-java-sdk-emr-1.12.429.jar:/root/.m2/repository/com/amazonaws/aws-java-sdk-elasticache/1.12.429/aws-java-sdk-elasticache-1.12.429.jar:/root/.m2/repository/com/amazonaws/aws-java-sdk-elastictranscoder/1.12.429/aws-java-sdk-elastictranscoder-1.12.429.jar:/root/.m2/repository/com/amazonaws/aws-java-sdk-ec2/1.12.429/aws-java-sdk-ec2-1.12.429.jar:/root/.m2/repository/com/amazonaws/aws-java-sdk-dynamodb/1.12.429/aws-java-sdk-dynamodb-1.12.429.jar:/root/.m2/repository/com/amazonaws/aws-java-sdk-sns/1.12.429/aws-java-sdk-sns-1.12.429.jar:/root/.m2/repository/com/amazonaws/aws-java-sdk-budgets/1.12.429/aws-java-sdk-budgets-1.12.429.jar:/root/.m2/repository/com/amazonaws/aws-java-sdk-cloudtrail/1.12.429/aws-java-sdk-cloudtrail-1.12.429.jar:/root/.m2/repository/com/amazonaws/aws-java-sdk-cloudwatch/1.12.429/aws-java-sdk-cloudwatch-1.12.429.jar:/root/.m2/repository/com/amazonaws/aws-java-sdk-logs/1.12.429/aws-java-sdk-logs-1.12.429.jar:/root/.m2/repository/com/amazonaws/aws-java-sdk-events/1.12.429/aws-java-sdk-events-1.12.429.jar:/root/.m2/repository/com/amazonaws/aws-java-sdk-cognitoidentity/1.12.429/aws-java-sdk-cognitoidentity-1.12.429.jar:/root/.m2/repository/com/amazonaws/aws-java-sdk-cognitosync/1.12.429/aws-java-sdk-cognitosync-1.12.429.jar:/root/.m2/repository/com/amazonaws/aws-java-sdk-directconnect/1.12.429/aws-java-sdk-directconnect-1.12.429.jar:/root/.m2/repository/com/amazonaws/aws-java-sdk-cloudformation/1.12.429/aws-java-sdk-cloudformation-1.12.429.jar:/root/.m2/repository/com/amazonaws/aws-java-sdk-cloudfront/1.12.429/aws-java-sdk-cloudfront-1.12.429.jar:/root/.m2/repository/com/amazonaws/aws-java-sdk-clouddirectory/1.12.429/aws-java-sdk-clouddirectory-1.12.429.jar:/root/.m2/repository/com/amazonaws/aws-java-sdk-kinesis/1.12.429/aws-java-sdk-kinesis-1.12.429.jar:/root/.m2/repository/com/amazonaws/aws-java-sdk-opsworks/1.12.429/aws-java-sdk-opsworks-1.12.429.jar:/root/.m2/repository/com/amazonaws/aws-java-sdk-ses/1.12.429/aws-java-sdk-ses-1.12.429.jar:/root/.m2/repository/com/amazonaws/aws-java-sdk-autoscaling/1.12.429/aws-java-sdk-autoscaling-1.12.429.jar:/root/.m2/repository/com/amazonaws/aws-java-sdk-cloudsearch/1.12.429/aws-java-sdk-cloudsearch-1.12.429.jar:/root/.m2/repository/com/amazonaws/aws-java-sdk-cloudwatchmetrics/1.12.429/aws-java-sdk-cloudwatchmetrics-1.12.429.jar:/root/.m2/repository/com/amazonaws/aws-java-sdk-codedeploy/1.12.429/aws-java-sdk-codedeploy-1.12.429.jar:/root/.m2/repository/com/amazonaws/aws-java-sdk-codepipeline/1.12.429/aws-java-sdk-codepipeline-1.12.429.jar:/root/.m2/repository/com/amazonaws/aws-java-sdk-kms/1.12.429/aws-java-sdk-kms-1.12.429.jar:/root/.m2/repository/com/amazonaws/aws-java-sdk-config/1.12.429/aws-java-sdk-config-1.12.429.jar:/root/.m2/repository/com/amazonaws/aws-java-sdk-lambda/1.12.429/aws-java-sdk-lambda-1.12.429.jar:/root/.m2/repository/com/amazonaws/aws-java-sdk-ecs/1.12.429/aws-java-sdk-ecs-1.12.429.jar:/root/.m2/repository/com/amazonaws/aws-java-sdk-ecr/1.12.429/aws-java-sdk-ecr-1.12.429.jar:/root/.m2/repository/com/amazonaws/aws-java-sdk-cloudhsm/1.12.429/aws-java-sdk-cloudhsm-1.12.429.jar:/root/.m2/repository/com/amazonaws/aws-java-sdk-ssm/1.12.429/aws-java-sdk-ssm-1.12.429.jar:/root/.m2/repository/com/amazonaws/aws-java-sdk-workspaces/1.12.429/aws-java-sdk-workspaces-1.12.429.jar:/root/.m2/repository/com/amazonaws/aws-java-sdk-machinelearning/1.12.429/aws-java-sdk-machinelearning-1.12.429.jar:/root/.m2/repository/com/amazonaws/aws-java-sdk-directory/1.12.429/aws-java-sdk-directory-1.12.429.jar:/root/.m2/repository/com/amazonaws/aws-java-sdk-efs/1.12.429/aws-java-sdk-efs-1.12.429.jar:/root/.m2/repository/com/amazonaws/aws-java-sdk-codecommit/1.12.429/aws-java-sdk-codecommit-1.12.429.jar:/root/.m2/repository/com/amazonaws/aws-java-sdk-devicefarm/1.12.429/aws-java-sdk-devicefarm-1.12.429.jar:/root/.m2/repository/com/amazonaws/aws-java-sdk-elasticsearch/1.12.429/aws-java-sdk-elasticsearch-1.12.429.jar:/root/.m2/repository/com/amazonaws/aws-java-sdk-waf/1.12.429/aws-java-sdk-waf-1.12.429.jar:/root/.m2/repository/com/amazonaws/aws-java-sdk-marketplacecommerceanalytics/1.12.429/aws-java-sdk-marketplacecommerceanalytics-1.12.429.jar:/root/.m2/repository/com/amazonaws/aws-java-sdk-inspector/1.12.429/aws-java-sdk-inspector-1.12.429.jar:/root/.m2/repository/com/amazonaws/aws-java-sdk-iot/1.12.429/aws-java-sdk-iot-1.12.429.jar:/root/.m2/repository/com/amazonaws/aws-java-sdk-api-gateway/1.12.429/aws-java-sdk-api-gateway-1.12.429.jar:/root/.m2/repository/com/amazonaws/aws-java-sdk-acm/1.12.429/aws-java-sdk-acm-1.12.429.jar:/root/.m2/repository/com/amazonaws/aws-java-sdk-gamelift/1.12.429/aws-java-sdk-gamelift-1.12.429.jar:/root/.m2/repository/com/amazonaws/aws-java-sdk-dms/1.12.429/aws-java-sdk-dms-1.12.429.jar:/root/.m2/repository/com/amazonaws/aws-java-sdk-marketplacemeteringservice/1.12.429/aws-java-sdk-marketplacemeteringservice-1.12.429.jar:/root/.m2/repository/com/amazonaws/aws-java-sdk-cognitoidp/1.12.429/aws-java-sdk-cognitoidp-1.12.429.jar:/root/.m2/repository/com/amazonaws/aws-java-sdk-discovery/1.12.429/aws-java-sdk-discovery-1.12.429.jar:/root/.m2/repository/com/amazonaws/aws-java-sdk-applicationautoscaling/1.12.429/aws-java-sdk-applicationautoscaling-1.12.429.jar:/root/.m2/repository/com/amazonaws/aws-java-sdk-snowball/1.12.429/aws-java-sdk-snowball-1.12.429.jar:/root/.m2/repository/com/amazonaws/aws-java-sdk-rekognition/1.12.429/aws-java-sdk-rekognition-1.12.429.jar:/root/.m2/repository/com/amazonaws/aws-java-sdk-polly/1.12.429/aws-java-sdk-polly-1.12.429.jar:/root/.m2/repository/com/amazonaws/aws-java-sdk-lightsail/1.12.429/aws-java-sdk-lightsail-1.12.429.jar:/root/.m2/repository/com/amazonaws/aws-java-sdk-stepfunctions/1.12.429/aws-java-sdk-stepfunctions-1.12.429.jar:/root/.m2/repository/com/amazonaws/aws-java-sdk-health/1.12.429/aws-java-sdk-health-1.12.429.jar:/root/.m2/repository/com/amazonaws/aws-java-sdk-costandusagereport/1.12.429/aws-java-sdk-costandusagereport-1.12.429.jar:/root/.m2/repository/com/amazonaws/aws-java-sdk-codebuild/1.12.429/aws-java-sdk-codebuild-1.12.429.jar:/root/.m2/repository/com/amazonaws/aws-java-sdk-appstream/1.12.429/aws-java-sdk-appstream-1.12.429.jar:/root/.m2/repository/com/amazonaws/aws-java-sdk-shield/1.12.429/aws-java-sdk-shield-1.12.429.jar:/root/.m2/repository/com/amazonaws/aws-java-sdk-batch/1.12.429/aws-java-sdk-batch-1.12.429.jar:/root/.m2/repository/com/amazonaws/aws-java-sdk-lex/1.12.429/aws-java-sdk-lex-1.12.429.jar:/root/.m2/repository/com/amazonaws/aws-java-sdk-mechanicalturkrequester/1.12.429/aws-java-sdk-mechanicalturkrequester-1.12.429.jar:/root/.m2/repository/com/amazonaws/aws-java-sdk-organizations/1.12.429/aws-java-sdk-organizations-1.12.429.jar:/root/.m2/repository/com/amazonaws/aws-java-sdk-workdocs/1.12.429/aws-java-sdk-workdocs-1.12.429.jar:/root/.m2/repository/com/amazonaws/aws-java-sdk-core/1.12.429/aws-java-sdk-core-1.12.429.jar:/root/.m2/repository/software/amazon/ion/ion-java/1.0.2/ion-java-1.0.2.jar:/root/.m2/repository/com/fasterxml/jackson/core/jackson-databind/2.12.7.1/jackson-databind-2.12.7.1.jar:/root/.m2/repository/com/fasterxml/jackson/core/jackson-annotations/2.12.7/jackson-annotations-2.12.7.jar:/root/.m2/repository/com/fasterxml/jackson/dataformat/jackson-dataformat-cbor/2.12.6/jackson-dataformat-cbor-2.12.6.jar:/root/.m2/repository/com/amazonaws/aws-java-sdk-models/1.12.429/aws-java-sdk-models-1.12.429.jar:/root/.m2/repository/com/amazonaws/aws-java-sdk-swf-libraries/1.11.22/aws-java-sdk-swf-libraries-1.11.22.jar:/root/.m2/repository/software/amazon/awssdk/dynamodb/2.20.26/dynamodb-2.20.26.jar:/root/.m2/repository/software/amazon/awssdk/aws-json-protocol/2.20.26/aws-json-protocol-2.20.26.jar:/root/.m2/repository/software/amazon/awssdk/third-party-jackson-core/2.20.26/third-party-jackson-core-2.20.26.jar:/root/.m2/repository/software/amazon/awssdk/protocol-core/2.20.26/protocol-core-2.20.26.jar:/root/.m2/repository/software/amazon/awssdk/profiles/2.20.26/profiles-2.20.26.jar:/root/.m2/repository/software/amazon/awssdk/sdk-core/2.20.26/sdk-core-2.20.26.jar:/root/.m2/repository/org/reactivestreams/reactive-streams/1.0.3/reactive-streams-1.0.3.jar:/root/.m2/repository/software/amazon/awssdk/auth/2.20.26/auth-2.20.26.jar:/root/.m2/repository/software/amazon/eventstream/eventstream/1.0.1/eventstream-1.0.1.jar:/root/.m2/repository/software/amazon/awssdk/http-client-spi/2.20.26/http-client-spi-2.20.26.jar:/root/.m2/repository/software/amazon/awssdk/regions/2.20.26/regions-2.20.26.jar:/root/.m2/repository/software/amazon/awssdk/annotations/2.20.26/annotations-2.20.26.jar:/root/.m2/repository/software/amazon/awssdk/utils/2.20.26/utils-2.20.26.jar:/root/.m2/repository/software/amazon/awssdk/aws-core/2.20.26/aws-core-2.20.26.jar:/root/.m2/repository/software/amazon/awssdk/metrics-spi/2.20.26/metrics-spi-2.20.26.jar:/root/.m2/repository/software/amazon/awssdk/json-utils/2.20.26/json-utils-2.20.26.jar:/root/.m2/repository/software/amazon/awssdk/endpoints-spi/2.20.26/endpoints-spi-2.20.26.jar:/root/.m2/repository/software/amazon/awssdk/apache-client/2.20.26/apache-client-2.20.26.jar:/root/.m2/repository/software/amazon/awssdk/netty-nio-client/2.20.26/netty-nio-client-2.20.26.jar:/root/.m2/repository/io/netty/netty-codec-http2/4.1.86.Final/netty-codec-http2-4.1.86.Final.jar:/root/.m2/repository/io/netty/netty-codec/4.1.86.Final/netty-codec-4.1.86.Final.jar:/root/.m2/repository/io/netty/netty-transport/4.1.86.Final/netty-transport-4.1.86.Final.jar:/root/.m2/repository/io/netty/netty-common/4.1.86.Final/netty-common-4.1.86.Final.jar:/root/.m2/repository/io/netty/netty-buffer/4.1.86.Final/netty-buffer-4.1.86.Final.jar:/root/.m2/repository/io/netty/netty-transport-classes-epoll/4.1.86.Final/netty-transport-classes-epoll-4.1.86.Final.jar:/root/.m2/repository/joda-time/joda-time/2.12.2/joda-time-2.12.2.jar:/root/.m2/repository/com/google/protobuf/protobuf-java/3.21.12/protobuf-java-3.21.12.jar:/root/.m2/repository/com/googlecode/protobuf-java-format/protobuf-java-format/1.4/protobuf-java-format-1.4.jar:/root/.m2/repository/com/google/protobuf/protobuf-java-util/3.22.2/protobuf-java-util-3.22.2.jar:/root/.m2/repository/com/google/guava/guava/31.1-jre/guava-31.1-jre.jar:/root/.m2/repository/org/checkerframework/checker-qual/3.12.0/checker-qual-3.12.0.jar:/root/.m2/repository/javax/inject/javax.inject/1/javax.inject-1.jar:/root/.m2/repository/org/json/json/20210307/json-20210307.jar:/root/.m2/repository/org/apache/tomcat/embed/tomcat-embed-core/9.0.0.M9/tomcat-embed-core-9.0.0.M9.jar:/root/.m2/repository/org/apache/tomcat/embed/tomcat-embed-jasper/9.0.0.M9/tomcat-embed-jasper-9.0.0.M9.jar:/root/.m2/repository/org/eclipse/jdt/core/compiler/ecj/4.5.1/ecj-4.5.1.jar:/root/.m2/repository/com/thetransactioncompany/cors-filter/2.10/cors-filter-2.10.jar:/root/.m2/repository/com/thetransactioncompany/java-property-utils/1.16/java-property-utils-1.16.jar:/root/.m2/repository/org/apache/tomcat/embed/tomcat-embed-el/9.0.0.M9/tomcat-embed-el-9.0.0.M9.jar:/root/.m2/repository/org/jasypt/jasypt/1.9.3/jasypt-1.9.3.jar:/root/.m2/repository/com/google/code/gson/gson/2.10.1/gson-2.10.1.jar:/root/.m2/repository/org/slf4j/slf4j-api/2.0.3/slf4j-api-2.0.3.jar:/root/.m2/repository/com/google/code/findbugs/jsr305/3.0.2/jsr305-3.0.2.jar:/root/.m2/repository/org/apache/commons/commons-text/1.10.0/commons-text-1.10.0.jar:/root/.m2/repository/org/apache/commons/commons-lang3/3.12.0/commons-lang3-3.12.0.jar:/root/.m2/repository/com/google/cloud/google-cloud-bigquery/1.120.0/google-cloud-bigquery-1.120.0.jar:/root/.m2/repository/com/google/cloud/google-cloud-core/1.93.8/google-cloud-core-1.93.8.jar:/root/.m2/repository/com/google/api/grpc/proto-google-common-protos/1.18.1/proto-google-common-protos-1.18.1.jar:/root/.m2/repository/com/google/api/grpc/proto-google-iam-v1/1.0.0/proto-google-iam-v1-1.0.0.jar:/root/.m2/repository/com/google/auth/google-auth-library-credentials/0.21.1/google-auth-library-credentials-0.21.1.jar:/root/.m2/repository/com/google/cloud/google-cloud-core-http/1.93.8/google-cloud-core-http-1.93.8.jar:/root/.m2/repository/com/google/api-client/google-api-client/1.30.10/google-api-client-1.30.10.jar:/root/.m2/repository/com/google/oauth-client/google-oauth-client/1.31.0/google-oauth-client-1.31.0.jar:/root/.m2/repository/com/google/http-client/google-http-client-appengine/1.36.0/google-http-client-appengine-1.36.0.jar:/root/.m2/repository/com/google/api/gax-httpjson/0.75.2/gax-httpjson-0.75.2.jar:/root/.m2/repository/io/opencensus/opencensus-api/0.24.0/opencensus-api-0.24.0.jar:/root/.m2/repository/io/grpc/grpc-context/1.31.1/grpc-context-1.31.1.jar:/root/.m2/repository/io/opencensus/opencensus-contrib-http-util/0.24.0/opencensus-contrib-http-util-0.24.0.jar:/root/.m2/repository/com/google/http-client/google-http-client-jackson2/1.36.0/google-http-client-jackson2-1.36.0.jar:/root/.m2/repository/com/google/http-client/google-http-client/1.36.0/google-http-client-1.36.0.jar:/root/.m2/repository/org/apache/httpcomponents/httpclient/4.5.12/httpclient-4.5.12.jar:/root/.m2/repository/commons-logging/commons-logging/1.2/commons-logging-1.2.jar:/root/.m2/repository/commons-codec/commons-codec/1.11/commons-codec-1.11.jar:/root/.m2/repository/org/apache/httpcomponents/httpcore/4.4.13/httpcore-4.4.13.jar:/root/.m2/repository/com/google/j2objc/j2objc-annotations/1.3/j2objc-annotations-1.3.jar:/root/.m2/repository/org/checkerframework/checker-compat-qual/2.5.5/checker-compat-qual-2.5.5.jar:/root/.m2/repository/com/google/apis/google-api-services-bigquery/v2-rev20200827-1.30.10/google-api-services-bigquery-v2-rev20200827-1.30.10.jar:/root/.m2/repository/com/google/api/api-common/1.10.0/api-common-1.10.0.jar:/root/.m2/repository/javax/annotation/javax.annotation-api/1.3.2/javax.annotation-api-1.3.2.jar:/root/.m2/repository/com/google/guava/failureaccess/1.0.1/failureaccess-1.0.1.jar:/root/.m2/repository/com/google/guava/listenablefuture/9999.0-empty-to-avoid-conflict-with-guava/listenablefuture-9999.0-empty-to-avoid-conflict-with-guava.jar:/root/.m2/repository/com/google/errorprone/error_prone_annotations/2.3.4/error_prone_annotations-2.3.4.jar:/root/.m2/repository/com/google/api/gax/1.58.2/gax-1.58.2.jar:/root/.m2/repository/org/threeten/threetenbp/1.4.4/threetenbp-1.4.4.jar:/root/.m2/repository/com/google/auth/google-auth-library-oauth2-http/1.3.0/google-auth-library-oauth2-http-1.3.0.jar:/root/.m2/repository/com/google/auto/value/auto-value-annotations/1.8.2/auto-value-annotations-1.8.2.jar:/root/.m2/repository/com/google/http-client/google-http-client-gson/1.40.1/google-http-client-gson-1.40.1.jar:/root/.m2/repository/com/fasterxml/jackson/core/jackson-core/2.14.2/jackson-core-2.14.2.jar:/root/.m2/repository/org/apache/maven/plugins/maven-antrun-plugin/3.1.0/maven-antrun-plugin-3.1.0.jar:/root/.m2/repository/org/codehaus/plexus/plexus-utils/3.4.1/plexus-utils-3.4.1.jar:/root/.m2/repository/org/apache/ant/ant/1.10.12/ant-1.10.12.jar:/root/.m2/repository/org/apache/ant/ant-launcher/1.10.12/ant-launcher-1.10.12.jar:"/>
    <property name="sun.cpu.endian" value="little"/>
    <property name="user.home" value="/root"/>
    <property name="user.language" value="en"/>
    <property name="java.specification.vendor" value="Oracle Corporation"/>
    <property name="java.version.date" value="2023-01-17"/>
    <property name="java.home" value="/usr/lib/jvm/java-17-openjdk-amd64"/>
    <property name="file.separator" value="/"/>
    <property name="basedir" value="/home/tiwaritiwari/Studence/Studence-Server/studence-dynamodb-database"/>
    <property name="java.vm.compressedOopsMode" value="Zero based"/>
    <property name="line.separator" value="&#10;"/>
    <property name="java.vm.specification.vendor" value="Oracle Corporation"/>
    <property name="java.specification.name" value="Java Platform API Specification"/>
    <property name="surefire.real.class.path" value="/home/tiwaritiwari/Studence/Studence-Server/studence-dynamodb-database/target/surefire/surefirebooter12632185296223113886.jar"/>
    <property name="sun.management.compiler" value="HotSpot 64-Bit Tiered Compilers"/>
    <property name="java.runtime.version" value="17.0.6+10-Debian-1"/>
    <property name="user.name" value="root"/>
    <property name="path.separator" value=":"/>
    <property name="os.version" value="6.1.0-kali7-amd64"/>
    <property name="java.runtime.name" value="OpenJDK Runtime Environment"/>
    <property name="file.encoding" value="UTF-8"/>
    <property name="java.vm.name" value="OpenJDK 64-Bit Server VM"/>
    <property name="localRepository" value="/root/.m2/repository"/>
    <property name="java.vendor.url.bug" value="https://bugs.debian.org/openjdk-17"/>
    <property name="java.io.tmpdir" value="/tmp"/>
    <property name="java.version" value="17.0.6"/>
    <property name="user.dir" value="/home/tiwaritiwari/Studence/Studence-Server/studence-dynamodb-database"/>
    <property name="os.arch" value="amd64"/>
    <property name="java.vm.specification.name" value="Java Virtual Machine Specification"/>
    <property name="native.encoding" value="UTF-8"/>
    <property name="java.library.path" value="/usr/java/packages/lib:/usr/lib/x86_64-linux-gnu/jni:/lib/x86_64-linux-gnu:/usr/lib/x86_64-linux-gnu:/usr/lib/jni:/lib:/usr/lib"/>
    <property name="java.vm.info" value="mixed mode, sharing"/>
    <property name="java.vendor" value="Debian"/>
    <property name="java.vm.version" value="17.0.6+10-Debian-1"/>
    <property name="sun.io.unicode.encoding" value="UnicodeLittle"/>
    <property name="java.class.version" value="61.0"/>
  </properties>
  <testcase name="shouldAnswerWithTrue" classname="com.tiwari.studence.AppTest" time="0.002"/>
</testsuite>